Log file open, 05/02/19 18:12:02
LogWindows: Failed to load 'aqProf.dll' (GetLastError=126)
LogWindows: File 'aqProf.dll' does not exist
LogWindows: Failed to load 'VtuneApi.dll' (GetLastError=126)
LogWindows: File 'VtuneApi.dll' does not exist
LogWindows: Failed to load 'VtuneApi32e.dll' (GetLastError=126)
LogWindows: File 'VtuneApi32e.dll' does not exist
LogConsoleResponse: Display: Failed to find resolution value strings in scalability ini. Falling back to default.
LogInit: Display: Running engine for game: RememberToLive
LogPakFile: Registered encryption key '00000000000000000000000000000000': 0 pak files mounted, 0 remain pending
LogPlatformFile: Not using cached read wrapper
LogTaskGraph: Started task graph with 5 named threads and 17 total threads with 3 sets of task threads.
LogStats: Stats thread started at 0.238588
LogD3D11RHI: Loaded GFSDK_Aftermath_Lib.x64.dll
LogICUInternationalization: ICU TimeZone Detection - Raw Offset: -6:00, Platform Override: ''
LogPluginManager: Mounting plugin Paper2D
LogPluginManager: Mounting plugin AISupport
LogPluginManager: Mounting plugin LightPropagationVolume
LogPluginManager: Mounting plugin ActorLayerUtilities
LogPluginManager: Mounting plugin CLionSourceCodeAccess
LogPluginManager: Mounting plugin CodeLiteSourceCodeAccess
LogPluginManager: Mounting plugin GitSourceControl
LogPluginManager: Mounting plugin KDevelopSourceCodeAccess
LogPluginManager: Mounting plugin NullSourceCodeAccess
LogPluginManager: Mounting plugin PerforceSourceControl
LogPluginManager: Mounting plugin SubversionSourceControl
LogPluginManager: Mounting plugin UObjectPlugin
LogPluginManager: Mounting plugin VisualStudioCodeSourceCodeAccess
LogPluginManager: Mounting plugin VisualStudioSourceCodeAccess
LogPluginManager: Mounting plugin XCodeSourceCodeAccess
LogPluginManager: Mounting plugin AssetManagerEditor
LogPluginManager: Mounting plugin CryptoKeys
LogPluginManager: Mounting plugin DataValidation
LogPluginManager: Mounting plugin FacialAnimation
LogPluginManager: Mounting plugin GameplayTagsEditor
LogPluginManager: Mounting plugin MacGraphicsSwitching
LogPluginManager: Mounting plugin MeshEditor
LogPluginManager: Mounting plugin MobileLauncherProfileWizard
LogPluginManager: Mounting plugin PluginBrowser
LogPluginManager: Mounting plugin SpeedTreeImporter
LogPluginManager: Mounting plugin DatasmithContent
LogPluginManager: Mounting plugin VariantManagerContent
LogPluginManager: Mounting plugin AlembicImporter
LogPluginManager: Mounting plugin AppleImageUtils
LogPluginManager: Mounting plugin AppleVision
LogPluginManager: Mounting plugin BackChannel
LogPluginManager: Mounting plugin CharacterAI
LogPluginManager: Mounting plugin GeometryCache
LogPluginManager: Mounting plugin HTML5Networking
LogPluginManager: Mounting plugin ProxyLODPlugin
LogPluginManager: Mounting plugin MagicLeap
LogPluginManager: Mounting plugin MagicLeapMedia
LogPluginManager: Mounting plugin AndroidMedia
LogPluginManager: Mounting plugin AvfMedia
LogPluginManager: Mounting plugin ImgMedia
LogPluginManager: Mounting plugin LinearTimecode
LogPluginManager: Mounting plugin MediaCompositing
LogPluginManager: Mounting plugin MediaPlayerEditor
LogPluginManager: Mounting plugin WebMMedia
LogPluginManager: Mounting plugin WmfMedia
LogPluginManager: Mounting plugin TcpMessaging
LogPluginManager: Mounting plugin UdpMessaging
LogPluginManager: Mounting plugin ActorSequence
LogPluginManager: Mounting plugin LevelSequenceEditor
LogPluginManager: Mounting plugin MatineeToLevelSequence
LogPluginManager: Mounting plugin NetcodeUnitTest
LogPluginManager: Mounting plugin NUTUnrealEngine4
LogPluginManager: Mounting plugin OnlineSubsystemGooglePlay
LogPluginManager: Mounting plugin OnlineSubsystemIOS
LogPluginManager: Mounting plugin OnlineSubsystem
LogPluginManager: Mounting plugin OnlineSubsystemNull
LogPluginManager: Mounting plugin OnlineSubsystemUtils
LogPluginManager: Mounting plugin LauncherChunkInstaller
LogPluginManager: Mounting plugin AndroidDeviceProfileSelector
LogPluginManager: Mounting plugin AndroidMoviePlayer
LogPluginManager: Mounting plugin AndroidPermission
LogPluginManager: Mounting plugin AppleMoviePlayer
LogPluginManager: Mounting plugin ArchVisCharacter
LogPluginManager: Mounting plugin AudioCapture
LogPluginManager: Mounting plugin CableComponent
LogPluginManager: Mounting plugin CustomMeshComponent
LogPluginManager: Mounting plugin EditableMesh
LogPluginManager: Mounting plugin ExampleDeviceProfileSelector
LogPluginManager: Mounting plugin Firebase
LogPluginManager: Mounting plugin GoogleCloudMessaging
LogPluginManager: Mounting plugin IOSDeviceProfileSelector
LogPluginManager: Mounting plugin LinuxDeviceProfileSelector
LogPluginManager: Mounting plugin LocationServicesBPLibrary
LogPluginManager: Mounting plugin MobilePatchingUtils
LogPluginManager: Mounting plugin OculusVR
LogPluginManager: Mounting plugin PhysXVehicles
LogPluginManager: Mounting plugin ProceduralMeshComponent
LogPluginManager: Mounting plugin RuntimePhysXCooking
LogPluginManager: Mounting plugin SteamVR
LogPluginManager: Mounting plugin WebMMoviePlayer
LogPluginManager: Mounting plugin WindowsMoviePlayer
LogStreaming: Display: Took  0.144s to configure plugins.
LogInit: Using libcurl 7.55.1-DEV
LogInit:  - built for x86_64-pc-win32
LogInit:  - supports SSL with OpenSSL/1.0.2h
LogInit:  - supports HTTP deflate (compression) using libz 1.2.8
LogInit:  - other features:
LogInit:      CURL_VERSION_SSL
LogInit:      CURL_VERSION_LIBZ
LogInit:      CURL_VERSION_IPV6
LogInit:      CURL_VERSION_ASYNCHDNS
LogInit:      CURL_VERSION_LARGEFILE
LogInit:      CURL_VERSION_IDN
LogInit:  CurlRequestOptions (configurable via config and command line):
LogInit:  - bVerifyPeer = true  - Libcurl will verify peer certificate
LogInit:  - bUseHttpProxy = false  - Libcurl will NOT use HTTP proxy
LogInit:  - bDontReuseConnections = false  - Libcurl will reuse connections
LogInit:  - MaxHostConnections = 16  - Libcurl will limit the number of connections to a host
LogInit:  - LocalHostAddr = Default
LogInit:  - BufferSize = 65536
LogInit: WinSock: version 1.1 (2.2), MaxSocks=32767, MaxUdp=65467
LogInit: Build: ++UE4+Release-4.21-CL-4753647
LogInit: Engine Version: 4.21.2-4753647+++UE4+Release-4.21
LogInit: Compatible Engine Version: 4.21.0-4541578+++UE4+Release-4.21
LogInit: Net CL: 4541578
LogInit: OS: Windows 10 (), CPU: AMD FX(tm)-6350 Six-Core Processor             , GPU: AMD Radeon R9 200 Series
LogInit: Compiled (64-bit): Jan 19 2019 02:07:31
LogInit: Compiled with Visual C++: 19.13.26129.00
LogInit: Build Configuration: Development
LogInit: Branch Name: ++UE4+Release-4.21
LogInit: Command Line: 
LogInit: Base Directory: E:/Program Installs/UnrealEngine/UE_4.21/Engine/Binaries/Win64/
LogInit: Installed Engine Build: 1
LogDevObjectVersion: Number of dev versions registered: 22
LogDevObjectVersion:   Dev-Blueprints (B0D832E4-1F89-4F0D-ACCF-7EB736FD4AA2): 10
LogDevObjectVersion:   Dev-Build (E1C64328-A22C-4D53-A36C-8E866417BD8C): 0
LogDevObjectVersion:   Dev-Core (375EC13C-06E4-48FB-B500-84F0262A717E): 2
LogDevObjectVersion:   Dev-Editor (E4B068ED-F494-42E9-A231-DA0B2E46BB41): 26
LogDevObjectVersion:   Dev-Framework (CFFC743F-43B0-4480-9391-14DF171D2073): 34
LogDevObjectVersion:   Dev-Mobile (B02B49B5-BB20-44E9-A304-32B752E40360): 2
LogDevObjectVersion:   Dev-Networking (A4E4105C-59A1-49B5-A7C5-40C4547EDFEE): 0
LogDevObjectVersion:   Dev-Online (39C831C9-5AE6-47DC-9A44-9C173E1C8E7C): 0
LogDevObjectVersion:   Dev-Physics (78F01B33-EBEA-4F98-B9B4-84EACCB95AA2): 0
LogDevObjectVersion:   Dev-Platform (6631380F-2D4D-43E0-8009-CF276956A95A): 0
LogDevObjectVersion:   Dev-Rendering (12F88B9F-8875-4AFC-A67C-D90C383ABD29): 27
LogDevObjectVersion:   Dev-Sequencer (7B5AE74C-D270-4C10-A958-57980B212A5A): 9
LogDevObjectVersion:   Dev-VR (D7296918-1DD6-4BDD-9DE2-64A83CC13884): 2
LogDevObjectVersion:   Dev-LoadTimes (C2A15278-BFE7-4AFE-6C17-90FF531DF755): 1
LogDevObjectVersion:   Private-Geometry (6EACA3D4-40EC-4CC1-B786-8BED09428FC5): 3
LogDevObjectVersion:   Dev-AnimPhys (29E575DD-E0A3-4627-9D10-D276232CDCEA): 17
LogDevObjectVersion:   Dev-Anim (AF43A65D-7FD3-4947-9873-3E8ED9C1BB05): 2
LogDevObjectVersion:   Dev-ReflectionCapture (6B266CEC-1EC7-4B8F-A30B-E4D90942FC07): 1
LogDevObjectVersion:   Dev-Automation (0DF73D61-A23F-47EA-B727-89E90C41499A): 1
LogDevObjectVersion:   FortniteMain (601D1886-AC64-4F84-AA16-D3DE0DEAC7D6): 17
LogDevObjectVersion:   Dev-Enterprise (9DFFBCD6-494F-0158-E221-12823C92A888): 4
LogDevObjectVersion:   Dev-Niagara (F2AED0AC-9AFE-416F-8664-AA7FFA26D6FC): 1
LogStreaming: Display: Took  0.000s to delete old logs.
LogInit: Presizing for max 8388607 objects, including 0 objects not considered by GC, pre-allocating 0 bytes for permanent pool.
LogInit: Object subsystem initialized
LogConfig: Setting CVar [[con.DebugEarlyDefault:1]]
LogConfig: Setting CVar [[r.setres:1280x720]]
[2019.05.02-23.12.02:396][  0]LogConfig: Setting CVar [[r.VSync:0]]
[2019.05.02-23.12.02:396][  0]LogConfig: Setting CVar [[r.RHICmdBypass:0]]
[2019.05.02-23.12.02:396][  0]LogConfig: Applying CVar settings from Section [/Script/Engine.RendererSettings] File [F:/Github/RememberToLive/RememberToLive/Saved/Config/Windows/Engine.ini]
[2019.05.02-23.12.02:396][  0]LogConfig: Setting CVar [[r.GPUCrashDebugging:0]]
[2019.05.02-23.12.02:396][  0]LogConfig: Applying CVar settings from Section [/Script/Engine.RendererOverrideSettings] File [F:/Github/RememberToLive/RememberToLive/Saved/Config/Windows/Engine.ini]
[2019.05.02-23.12.02:396][  0]LogConfig: Applying CVar settings from Section [/Script/Engine.StreamingSettings] File [F:/Github/RememberToLive/RememberToLive/Saved/Config/Windows/Engine.ini]
[2019.05.02-23.12.02:396][  0]LogConfig: Setting CVar [[s.MinBulkDataSizeForAsyncLoading:131072]]
[2019.05.02-23.12.02:396][  0]LogConfig: Setting CVar [[s.AsyncLoadingThreadEnabled:0]]
[2019.05.02-23.12.02:396][  0]LogConfig: Setting CVar [[s.EventDrivenLoaderEnabled:1]]
[2019.05.02-23.12.02:396][  0]LogConfig: Setting CVar [[s.WarnIfTimeLimitExceeded:0]]
[2019.05.02-23.12.02:396][  0]LogConfig: Setting CVar [[s.TimeLimitExceededMultiplier:1.5]]
[2019.05.02-23.12.02:396][  0]LogConfig: Setting CVar [[s.TimeLimitExceededMinTime:0.005]]
[2019.05.02-23.12.02:396][  0]LogConfig: Setting CVar [[s.UseBackgroundLevelStreaming:1]]
[2019.05.02-23.12.02:396][  0]LogConfig: Setting CVar [[s.PriorityAsyncLoadingExtraTime:15.0]]
[2019.05.02-23.12.02:396][  0]LogConfig: Setting CVar [[s.LevelStreamingActorsUpdateTimeLimit:5.0]]
[2019.05.02-23.12.02:396][  0]LogConfig: Setting CVar [[s.PriorityLevelStreamingActorsUpdateExtraTime:5.0]]
[2019.05.02-23.12.02:396][  0]LogConfig: Setting CVar [[s.LevelStreamingComponentsRegistrationGranularity:10]]
[2019.05.02-23.12.02:396][  0]LogConfig: Setting CVar [[s.UnregisterComponentsTimeLimit:1.0]]
[2019.05.02-23.12.02:396][  0]LogConfig: Setting CVar [[s.LevelStreamingComponentsUnregistrationGranularity:5]]
[2019.05.02-23.12.02:396][  0]LogConfig: Applying CVar settings from Section [/Script/Engine.GarbageCollectionSettings] File [F:/Github/RememberToLive/RememberToLive/Saved/Config/Windows/Engine.ini]
[2019.05.02-23.12.02:396][  0]LogConfig: Setting CVar [[gc.MaxObjectsNotConsideredByGC:1]]
[2019.05.02-23.12.02:396][  0]LogConfig: Setting CVar [[gc.SizeOfPermanentObjectPool:0]]
[2019.05.02-23.12.02:396][  0]LogConfig: Setting CVar [[gc.FlushStreamingOnGC:0]]
[2019.05.02-23.12.02:396][  0]LogConfig: Setting CVar [[gc.NumRetriesBeforeForcingGC:10]]
[2019.05.02-23.12.02:396][  0]LogConfig: Setting CVar [[gc.AllowParallelGC:1]]
[2019.05.02-23.12.02:396][  0]LogConfig: Setting CVar [[gc.TimeBetweenPurgingPendingKillObjects:61.1]]
[2019.05.02-23.12.02:396][  0]LogConfig: Setting CVar [[gc.MaxObjectsInEditor:8388607]]
[2019.05.02-23.12.02:396][  0]LogConfig: Setting CVar [[gc.IncrementalBeginDestroyEnabled:1]]
[2019.05.02-23.12.02:396][  0]LogConfig: Setting CVar [[gc.CreateGCClusters:1]]
[2019.05.02-23.12.02:396][  0]LogConfig: Setting CVar [[gc.MergeGCClusters:0]]
[2019.05.02-23.12.02:397][  0]LogConfig: Setting CVar [[gc.MinGCClusterSize:5]]
[2019.05.02-23.12.02:397][  0]LogConfig: Setting CVar [[gc.ActorClusteringEnabled:0]]
[2019.05.02-23.12.02:397][  0]LogConfig: Setting CVar [[gc.BlueprintClusteringEnabled:0]]
[2019.05.02-23.12.02:397][  0]LogConfig: Setting CVar [[gc.UseDisregardForGCOnDedicatedServers:0]]
[2019.05.02-23.12.02:397][  0]LogConfig: Applying CVar settings from Section [/Script/Engine.NetworkSettings] File [F:/Github/RememberToLive/RememberToLive/Saved/Config/Windows/Engine.ini]
[2019.05.02-23.12.02:397][  0]LogConfig: Applying CVar settings from Section [/Script/UnrealEd.CookerSettings] File [F:/Github/RememberToLive/RememberToLive/Saved/Config/Windows/Engine.ini]
[2019.05.02-23.12.02:455][  0]LogConfig: Applying CVar settings from Section [ViewDistanceQuality@3] File [F:/Github/RememberToLive/RememberToLive/Saved/Config/Windows/Scalability.ini]
[2019.05.02-23.12.02:455][  0]LogConfig: Setting CVar [[r.SkeletalMeshLODBias:0]]
[2019.05.02-23.12.02:455][  0]LogConfig: Setting CVar [[r.ViewDistanceScale:1.0]]
[2019.05.02-23.12.02:455][  0]LogConfig: Applying CVar settings from Section [AntiAliasingQuality@3] File [F:/Github/RememberToLive/RememberToLive/Saved/Config/Windows/Scalability.ini]
[2019.05.02-23.12.02:455][  0]LogConfig: Setting CVar [[r.PostProcessAAQuality:4]]
[2019.05.02-23.12.02:455][  0]LogConfig: Applying CVar settings from Section [ShadowQuality@3] File [F:/Github/RememberToLive/RememberToLive/Saved/Config/Windows/Scalability.ini]
[2019.05.02-23.12.02:455][  0]LogConfig: Setting CVar [[r.LightFunctionQuality:1]]
[2019.05.02-23.12.02:455][  0]LogConfig: Setting CVar [[r.ShadowQuality:5]]
[2019.05.02-23.12.02:455][  0]LogConfig: Setting CVar [[r.Shadow.CSM.MaxCascades:10]]
[2019.05.02-23.12.02:455][  0]LogConfig: Setting CVar [[r.Shadow.MaxResolution:2048]]
[2019.05.02-23.12.02:455][  0]LogConfig: Setting CVar [[r.Shadow.MaxCSMResolution:2048]]
[2019.05.02-23.12.02:455][  0]LogConfig: Setting CVar [[r.Shadow.RadiusThreshold:0.01]]
[2019.05.02-23.12.02:455][  0]LogConfig: Setting CVar [[r.Shadow.DistanceScale:1.0]]
[2019.05.02-23.12.02:455][  0]LogConfig: Setting CVar [[r.Shadow.CSM.TransitionScale:1.0]]
[2019.05.02-23.12.02:455][  0]LogConfig: Setting CVar [[r.Shadow.PreShadowResolutionFactor:1.0]]
[2019.05.02-23.12.02:455][  0]LogConfig: Setting CVar [[r.DistanceFieldShadowing:1]]
[2019.05.02-23.12.02:455][  0]LogConfig: Setting CVar [[r.DistanceFieldAO:1]]
[2019.05.02-23.12.02:455][  0]LogConfig: Setting CVar [[r.AOQuality:2]]
[2019.05.02-23.12.02:455][  0]LogConfig: Setting CVar [[r.VolumetricFog:1]]
[2019.05.02-23.12.02:455][  0]LogConfig: Setting CVar [[r.VolumetricFog.GridPixelSize:8]]
[2019.05.02-23.12.02:455][  0]LogConfig: Setting CVar [[r.VolumetricFog.GridSizeZ:128]]
[2019.05.02-23.12.02:455][  0]LogConfig: Setting CVar [[r.VolumetricFog.HistoryMissSupersampleCount:4]]
[2019.05.02-23.12.02:455][  0]LogConfig: Setting CVar [[r.LightMaxDrawDistanceScale:1]]
[2019.05.02-23.12.02:455][  0]LogConfig: Setting CVar [[r.CapsuleShadows:1]]
[2019.05.02-23.12.02:455][  0]LogConfig: Applying CVar settings from Section [PostProcessQuality@3] File [F:/Github/RememberToLive/RememberToLive/Saved/Config/Windows/Scalability.ini]
[2019.05.02-23.12.02:455][  0]LogConfig: Setting CVar [[r.MotionBlurQuality:4]]
[2019.05.02-23.12.02:455][  0]LogConfig: Setting CVar [[r.AmbientOcclusionMipLevelFactor:0.4]]
[2019.05.02-23.12.02:455][  0]LogConfig: Setting CVar [[r.AmbientOcclusionMaxQuality:100]]
[2019.05.02-23.12.02:455][  0]LogConfig: Setting CVar [[r.AmbientOcclusionLevels:-1]]
[2019.05.02-23.12.02:455][  0]LogConfig: Setting CVar [[r.AmbientOcclusionRadiusScale:1.0]]
[2019.05.02-23.12.02:455][  0]LogConfig: Setting CVar [[r.DepthOfFieldQuality:2]]
[2019.05.02-23.12.02:455][  0]LogConfig: Setting CVar [[r.RenderTargetPoolMin:400]]
[2019.05.02-23.12.02:455][  0]LogConfig: Setting CVar [[r.LensFlareQuality:2]]
[2019.05.02-23.12.02:455][  0]LogConfig: Setting CVar [[r.SceneColorFringeQuality:1]]
[2019.05.02-23.12.02:455][  0]LogConfig: Setting CVar [[r.EyeAdaptationQuality:2]]
[2019.05.02-23.12.02:455][  0]LogConfig: Setting CVar [[r.BloomQuality:5]]
[2019.05.02-23.12.02:455][  0]LogConfig: Setting CVar [[r.FastBlurThreshold:100]]
[2019.05.02-23.12.02:455][  0]LogConfig: Setting CVar [[r.Upscale.Quality:3]]
[2019.05.02-23.12.02:455][  0]LogConfig: Setting CVar [[r.Tonemapper.GrainQuantization:1]]
[2019.05.02-23.12.02:455][  0]LogConfig: Setting CVar [[r.LightShaftQuality:1]]
[2019.05.02-23.12.02:455][  0]LogConfig: Setting CVar [[r.Filter.SizeScale:1]]
[2019.05.02-23.12.02:455][  0]LogConfig: Setting CVar [[r.Tonemapper.Quality:5]]
[2019.05.02-23.12.02:455][  0]LogConfig: Setting CVar [[r.DOF.Gather.AccumulatorQuality:1        ; higher gathering accumulator quality]]
[2019.05.02-23.12.02:455][  0]LogConfig: Setting CVar [[r.DOF.Gather.PostfilterMethod:1          ; Median3x3 postfilering method]]
[2019.05.02-23.12.02:455][  0]LogConfig: Setting CVar [[r.DOF.Gather.EnableBokehSettings:0       ; no bokeh simulation when gathering]]
[2019.05.02-23.12.02:456][  0]LogConfig: Setting CVar [[r.DOF.Gather.RingCount:4                 ; medium number of samples when gathering]]
[2019.05.02-23.12.02:456][  0]LogConfig: Setting CVar [[r.DOF.Scatter.ForegroundCompositing:1    ; additive foreground scattering]]
[2019.05.02-23.12.02:456][  0]LogConfig: Setting CVar [[r.DOF.Scatter.BackgroundCompositing:2    ; additive background scattering]]
[2019.05.02-23.12.02:456][  0]LogConfig: Setting CVar [[r.DOF.Scatter.EnableBokehSettings:1      ; bokeh simulation when scattering]]
[2019.05.02-23.12.02:456][  0]LogConfig: Setting CVar [[r.DOF.Scatter.MaxSpriteRatio:0.1         ; only a maximum of 10% of scattered bokeh]]
[2019.05.02-23.12.02:456][  0]LogConfig: Setting CVar [[r.DOF.Recombine.Quality:1                ; cheap slight out of focus]]
[2019.05.02-23.12.02:456][  0]LogConfig: Setting CVar [[r.DOF.Recombine.EnableBokehSettings:0    ; no bokeh simulation on slight out of focus]]
[2019.05.02-23.12.02:456][  0]LogConfig: Setting CVar [[r.DOF.TemporalAAQuality:1                ; more stable temporal accumulation]]
[2019.05.02-23.12.02:456][  0]LogConfig: Setting CVar [[r.DOF.Kernel.MaxForegroundRadius:0.025]]
[2019.05.02-23.12.02:456][  0]LogConfig: Setting CVar [[r.DOF.Kernel.MaxBackgroundRadius:0.025]]
[2019.05.02-23.12.02:456][  0]LogConfig: Applying CVar settings from Section [TextureQuality@3] File [F:/Github/RememberToLive/RememberToLive/Saved/Config/Windows/Scalability.ini]
[2019.05.02-23.12.02:456][  0]LogConfig: Setting CVar [[r.Streaming.MipBias:0]]
[2019.05.02-23.12.02:456][  0]LogConfig: Setting CVar [[r.Streaming.AmortizeCPUToGPUCopy:0]]
[2019.05.02-23.12.02:456][  0]LogConfig: Setting CVar [[r.Streaming.MaxNumTexturesToStreamPerFrame:0]]
[2019.05.02-23.12.02:456][  0]LogConfig: Setting CVar [[r.Streaming.Boost:1]]
[2019.05.02-23.12.02:456][  0]LogConfig: Setting CVar [[r.MaxAnisotropy:8]]
[2019.05.02-23.12.02:456][  0]LogConfig: Setting CVar [[r.Streaming.LimitPoolSizeToVRAM:0]]
[2019.05.02-23.12.02:456][  0]LogConfig: Setting CVar [[r.Streaming.PoolSize:1000]]
[2019.05.02-23.12.02:456][  0]LogConfig: Setting CVar [[r.Streaming.MaxEffectiveScreenSize:0]]
[2019.05.02-23.12.02:456][  0]LogConfig: Applying CVar settings from Section [EffectsQuality@3] File [F:/Github/RememberToLive/RememberToLive/Saved/Config/Windows/Scalability.ini]
[2019.05.02-23.12.02:456][  0]LogConfig: Setting CVar [[r.TranslucencyLightingVolumeDim:64]]
[2019.05.02-23.12.02:456][  0]LogConfig: Setting CVar [[r.RefractionQuality:2]]
[2019.05.02-23.12.02:456][  0]LogConfig: Setting CVar [[r.SSR.Quality:3]]
[2019.05.02-23.12.02:456][  0]LogConfig: Setting CVar [[r.SceneColorFormat:4]]
[2019.05.02-23.12.02:456][  0]LogConfig: Setting CVar [[r.DetailMode:2]]
[2019.05.02-23.12.02:456][  0]LogConfig: Setting CVar [[r.TranslucencyVolumeBlur:1]]
[2019.05.02-23.12.02:456][  0]LogConfig: Setting CVar [[r.MaterialQualityLevel:1 ; High quality]]
[2019.05.02-23.12.02:456][  0]LogConfig: Setting CVar [[r.SSS.Scale:1]]
[2019.05.02-23.12.02:456][  0]LogConfig: Setting CVar [[r.SSS.SampleSet:2]]
[2019.05.02-23.12.02:456][  0]LogConfig: Setting CVar [[r.SSS.Quality:1]]
[2019.05.02-23.12.02:456][  0]LogConfig: Setting CVar [[r.SSS.HalfRes:1]]
[2019.05.02-23.12.02:456][  0]LogConfig: Setting CVar [[r.EmitterSpawnRateScale:1.0]]
[2019.05.02-23.12.02:456][  0]LogConfig: Setting CVar [[r.ParticleLightQuality:2]]
[2019.05.02-23.12.02:456][  0]LogConfig: Applying CVar settings from Section [FoliageQuality@3] File [F:/Github/RememberToLive/RememberToLive/Saved/Config/Windows/Scalability.ini]
[2019.05.02-23.12.02:456][  0]LogConfig: Setting CVar [[foliage.DensityScale:1.0]]
[2019.05.02-23.12.02:456][  0]LogConfig: Setting CVar [[grass.DensityScale:1.0]]
[2019.05.02-23.12.02:456][  0]LogInit: Selected Device Profile: [Windows]
[2019.05.02-23.12.02:456][  0]LogInit: Applying CVar settings loaded from the selected device profile: [Windows]
[2019.05.02-23.12.02:472][  0]LogHAL: Display: Platform has ~ 10 GB [10687148032 / 17179869184 / 10], which maps to Default [LargestMinGB=32, LargerMinGB=12, DefaultMinGB=8, SmallerMinGB=6, SmallestMinGB=0)
[2019.05.02-23.12.02:472][  0]LogConfig: Setting CVar [[r.Vulkan.UseRealUBs:1]]
[2019.05.02-23.12.02:472][  0]LogInit: Going up to parent DeviceProfile []
[2019.05.02-23.12.02:472][  0]LogConfig: Applying CVar settings from Section [ViewDistanceQuality@1] File [F:/Github/RememberToLive/RememberToLive/Saved/Config/Windows/Scalability.ini]
[2019.05.02-23.12.02:472][  0]LogConfig: Setting CVar [[r.SkeletalMeshLODBias:1]]
[2019.05.02-23.12.02:472][  0]LogConfig: Setting CVar [[r.ViewDistanceScale:0.6]]
[2019.05.02-23.12.02:472][  0]LogConfig: Applying CVar settings from Section [AntiAliasingQuality@1] File [F:/Github/RememberToLive/RememberToLive/Saved/Config/Windows/Scalability.ini]
[2019.05.02-23.12.02:472][  0]LogConfig: Setting CVar [[r.PostProcessAAQuality:2]]
[2019.05.02-23.12.02:472][  0]LogConfig: Applying CVar settings from Section [ShadowQuality@1] File [F:/Github/RememberToLive/RememberToLive/Saved/Config/Windows/Scalability.ini]
[2019.05.02-23.12.02:472][  0]LogConfig: Setting CVar [[r.LightFunctionQuality:1]]
[2019.05.02-23.12.02:473][  0]LogConfig: Setting CVar [[r.ShadowQuality:3]]
[2019.05.02-23.12.02:473][  0]LogConfig: Setting CVar [[r.Shadow.CSM.MaxCascades:1]]
[2019.05.02-23.12.02:473][  0]LogConfig: Setting CVar [[r.Shadow.MaxResolution:1024]]
[2019.05.02-23.12.02:473][  0]LogConfig: Setting CVar [[r.Shadow.MaxCSMResolution:1024]]
[2019.05.02-23.12.02:473][  0]LogConfig: Setting CVar [[r.Shadow.RadiusThreshold:0.05]]
[2019.05.02-23.12.02:473][  0]LogConfig: Setting CVar [[r.Shadow.DistanceScale:0.7]]
[2019.05.02-23.12.02:473][  0]LogConfig: Setting CVar [[r.Shadow.CSM.TransitionScale:0.25]]
[2019.05.02-23.12.02:473][  0]LogConfig: Setting CVar [[r.Shadow.PreShadowResolutionFactor:0.5]]
[2019.05.02-23.12.02:473][  0]LogConfig: Setting CVar [[r.DistanceFieldShadowing:0]]
[2019.05.02-23.12.02:473][  0]LogConfig: Setting CVar [[r.DistanceFieldAO:0]]
[2019.05.02-23.12.02:473][  0]LogConfig: Setting CVar [[r.VolumetricFog:0]]
[2019.05.02-23.12.02:473][  0]LogConfig: Setting CVar [[r.LightMaxDrawDistanceScale:.5]]
[2019.05.02-23.12.02:473][  0]LogConfig: Setting CVar [[r.CapsuleShadows:1]]
[2019.05.02-23.12.02:473][  0]LogConfig: Applying CVar settings from Section [PostProcessQuality@1] File [F:/Github/RememberToLive/RememberToLive/Saved/Config/Windows/Scalability.ini]
[2019.05.02-23.12.02:473][  0]LogConfig: Setting CVar [[r.MotionBlurQuality:3]]
[2019.05.02-23.12.02:473][  0]LogConfig: Setting CVar [[r.AmbientOcclusionMipLevelFactor:1.0]]
[2019.05.02-23.12.02:473][  0]LogConfig: Setting CVar [[r.AmbientOcclusionMaxQuality:60]]
[2019.05.02-23.12.02:473][  0]LogConfig: Setting CVar [[r.AmbientOcclusionLevels:-1]]
[2019.05.02-23.12.02:473][  0]LogConfig: Setting CVar [[r.AmbientOcclusionRadiusScale:1.5]]
[2019.05.02-23.12.02:473][  0]LogConfig: Setting CVar [[r.DepthOfFieldQuality:1]]
[2019.05.02-23.12.02:473][  0]LogConfig: Setting CVar [[r.RenderTargetPoolMin:350]]
[2019.05.02-23.12.02:473][  0]LogConfig: Setting CVar [[r.LensFlareQuality:0]]
[2019.05.02-23.12.02:473][  0]LogConfig: Setting CVar [[r.SceneColorFringeQuality:0]]
[2019.05.02-23.12.02:473][  0]LogConfig: Setting CVar [[r.EyeAdaptationQuality:0]]
[2019.05.02-23.12.02:473][  0]LogConfig: Setting CVar [[r.BloomQuality:4]]
[2019.05.02-23.12.02:473][  0]LogConfig: Setting CVar [[r.FastBlurThreshold:2]]
[2019.05.02-23.12.02:473][  0]LogConfig: Setting CVar [[r.Upscale.Quality:2]]
[2019.05.02-23.12.02:473][  0]LogConfig: Setting CVar [[r.Tonemapper.GrainQuantization:0]]
[2019.05.02-23.12.02:473][  0]LogConfig: Setting CVar [[r.LightShaftQuality:0]]
[2019.05.02-23.12.02:473][  0]LogConfig: Setting CVar [[r.Filter.SizeScale:0.7]]
[2019.05.02-23.12.02:473][  0]LogConfig: Setting CVar [[r.Tonemapper.Quality:2]]
[2019.05.02-23.12.02:473][  0]LogConfig: Setting CVar [[r.DOF.Gather.AccumulatorQuality:0        ; lower gathering accumulator quality]]
[2019.05.02-23.12.02:473][  0]LogConfig: Setting CVar [[r.DOF.Gather.PostfilterMethod:2          ; Max3x3 postfilering method]]
[2019.05.02-23.12.02:473][  0]LogConfig: Setting CVar [[r.DOF.Gather.EnableBokehSettings:0       ; no bokeh simulation when gathering]]
[2019.05.02-23.12.02:473][  0]LogConfig: Setting CVar [[r.DOF.Gather.RingCount:3                 ; low number of samples when gathering]]
[2019.05.02-23.12.02:473][  0]LogConfig: Setting CVar [[r.DOF.Scatter.ForegroundCompositing:0    ; no foreground scattering]]
[2019.05.02-23.12.02:473][  0]LogConfig: Setting CVar [[r.DOF.Scatter.BackgroundCompositing:0    ; no foreground scattering]]
[2019.05.02-23.12.02:473][  0]LogConfig: Setting CVar [[r.DOF.Recombine.Quality:0                ; no slight out of focus]]
[2019.05.02-23.12.02:473][  0]LogConfig: Setting CVar [[r.DOF.TemporalAAQuality:0                ; faster temporal accumulation]]
[2019.05.02-23.12.02:473][  0]LogConfig: Setting CVar [[r.DOF.Kernel.MaxForegroundRadius:0.006   ; required because low gathering and no scattering and not looking great at 1080p]]
[2019.05.02-23.12.02:473][  0]LogConfig: Setting CVar [[r.DOF.Kernel.MaxBackgroundRadius:0.006   ; required because low gathering and no scattering and not looking great at 1080p]]
[2019.05.02-23.12.02:473][  0]LogConfig: Applying CVar settings from Section [TextureQuality@1] File [F:/Github/RememberToLive/RememberToLive/Saved/Config/Windows/Scalability.ini]
[2019.05.02-23.12.02:473][  0]LogConfig: Setting CVar [[r.Streaming.MipBias:1]]
[2019.05.02-23.12.02:473][  0]LogConfig: Setting CVar [[r.Streaming.AmortizeCPUToGPUCopy:0]]
[2019.05.02-23.12.02:473][  0]LogConfig: Setting CVar [[r.Streaming.MaxNumTexturesToStreamPerFrame:0]]
[2019.05.02-23.12.02:473][  0]LogConfig: Setting CVar [[r.Streaming.Boost:1]]
[2019.05.02-23.12.02:474][  0]LogConfig: Setting CVar [[r.MaxAnisotropy:2]]
[2019.05.02-23.12.02:474][  0]LogConfig: Setting CVar [[r.Streaming.LimitPoolSizeToVRAM:1]]
[2019.05.02-23.12.02:474][  0]LogConfig: Setting CVar [[r.Streaming.PoolSize:600]]
[2019.05.02-23.12.02:474][  0]LogConfig: Setting CVar [[r.Streaming.MaxEffectiveScreenSize:0]]
[2019.05.02-23.12.02:474][  0]LogConfig: Applying CVar settings from Section [EffectsQuality@1] File [F:/Github/RememberToLive/RememberToLive/Saved/Config/Windows/Scalability.ini]
[2019.05.02-23.12.02:474][  0]LogConfig: Setting CVar [[r.TranslucencyLightingVolumeDim:32]]
[2019.05.02-23.12.02:474][  0]LogConfig: Setting CVar [[r.RefractionQuality:0]]
[2019.05.02-23.12.02:474][  0]LogConfig: Setting CVar [[r.SSR.Quality:0]]
[2019.05.02-23.12.02:474][  0]LogConfig: Setting CVar [[r.SceneColorFormat:3]]
[2019.05.02-23.12.02:474][  0]LogConfig: Setting CVar [[r.DetailMode:1]]
[2019.05.02-23.12.02:474][  0]LogConfig: Setting CVar [[r.TranslucencyVolumeBlur:0]]
[2019.05.02-23.12.02:474][  0]LogConfig: Setting CVar [[r.MaterialQualityLevel:2 ; Medium quality]]
[2019.05.02-23.12.02:474][  0]LogConfig: Setting CVar [[r.SSS.Scale:0.75]]
[2019.05.02-23.12.02:474][  0]LogConfig: Setting CVar [[r.SSS.SampleSet:0]]
[2019.05.02-23.12.02:474][  0]LogConfig: Setting CVar [[r.SSS.Quality:0]]
[2019.05.02-23.12.02:474][  0]LogConfig: Setting CVar [[r.SSS.HalfRes:1]]
[2019.05.02-23.12.02:474][  0]LogConfig: Setting CVar [[r.EmitterSpawnRateScale:0.25]]
[2019.05.02-23.12.02:474][  0]LogConfig: Setting CVar [[r.ParticleLightQuality:0]]
[2019.05.02-23.12.02:474][  0]LogConfig: Applying CVar settings from Section [FoliageQuality@1] File [F:/Github/RememberToLive/RememberToLive/Saved/Config/Windows/Scalability.ini]
[2019.05.02-23.12.02:474][  0]LogConfig: Setting CVar [[foliage.DensityScale:0.4]]
[2019.05.02-23.12.02:474][  0]LogConfig: Setting CVar [[grass.DensityScale:0.4]]
[2019.05.02-23.12.02:474][  0]LogConfig: Applying CVar settings from Section [Startup] File [../../../Engine/Config/ConsoleVariables.ini]
[2019.05.02-23.12.02:474][  0]LogConfig: Setting CVar [[net.UseAdaptiveNetUpdateFrequency:0]]
[2019.05.02-23.12.02:474][  0]LogConfig: Applying CVar settings from Section [ConsoleVariables] File [F:/Github/RememberToLive/RememberToLive/Saved/Config/Windows/Engine.ini]
[2019.05.02-23.12.02:474][  0]LogInit: Computer: DESKTOP-MLLQOGQ
[2019.05.02-23.12.02:474][  0]LogInit: User: DavidAnthony
[2019.05.02-23.12.02:474][  0]LogInit: CPU Page size=4096, Cores=3
[2019.05.02-23.12.02:474][  0]LogInit: High frequency timer resolution =14.318180 MHz
[2019.05.02-23.12.02:475][  0]LogMemory: Memory total: Physical=10.0GB (10GB approx)
[2019.05.02-23.12.02:475][  0]LogMemory: Platform Memory Stats for Windows
[2019.05.02-23.12.02:475][  0]LogMemory: Process Physical Memory: 102.54 MB used, 102.54 MB peak
[2019.05.02-23.12.02:475][  0]LogMemory: Process Virtual Memory: 84.95 MB used, 84.95 MB peak
[2019.05.02-23.12.02:475][  0]LogMemory: Physical Memory: 6662.55 MB used,  3529.51 MB free, 10192.06 MB total
[2019.05.02-23.12.02:475][  0]LogMemory: Virtual Memory: 4633.64 MB used,  134213096.00 MB free, 134217728.00 MB total
[2019.05.02-23.12.02:491][  0]LogInit: Using OS detected language (en-US).
[2019.05.02-23.12.02:491][  0]LogInit: Using OS detected locale (en-US).
[2019.05.02-23.12.02:492][  0]LogTextLocalizationManager: No specific localization for 'en-US' exists, so the 'en' localization will be used.
[2019.05.02-23.12.02:950][  0]LogStreaming: Display: Took  0.459s to InitEngineTextLocalization.
[2019.05.02-23.12.02:950][  0]LogInit: Setting process to per monitor DPI aware
[2019.05.02-23.12.03:055][  0]LogSlate: New Slate User Created.  User Index 0, Is Virtual User: 0
[2019.05.02-23.12.03:055][  0]LogSlate: Slate User Registered.  User Index 0, Is Virtual User: 0
[2019.05.02-23.12.03:336][  0]LogHMD: Failed to initialize OpenVR with code 105
[2019.05.02-23.12.03:336][  0]LogD3D11RHI: D3D11 adapters:
[2019.05.02-23.12.03:370][  0]LogD3D11RHI:    0. 'AMD Radeon R9 200 Series' (Feature Level 11_0)
[2019.05.02-23.12.03:370][  0]LogD3D11RHI:       3052/0/5096 MB DedicatedVideo/DedicatedSystem/SharedSystem, Outputs:3, VendorId:0x1002
[2019.05.02-23.12.03:374][  0]LogD3D11RHI:    1. 'Microsoft Basic Render Driver' (Feature Level 11_0)
[2019.05.02-23.12.03:374][  0]LogD3D11RHI:       0/0/5096 MB DedicatedVideo/DedicatedSystem/SharedSystem, Outputs:0, VendorId:0x1414
[2019.05.02-23.12.03:374][  0]LogD3D11RHI: Chosen D3D11 Adapter: 0
[2019.05.02-23.12.03:384][  0]LogD3D11RHI: Creating new Direct3DDevice
[2019.05.02-23.12.03:384][  0]LogD3D11RHI:     GPU DeviceId: 0x679a (for the marketing name, search the web for "GPU Device Id")
[2019.05.02-23.12.03:384][  0]LogWindows: EnumDisplayDevices:
[2019.05.02-23.12.03:384][  0]LogWindows:    0. 'AMD Radeon R9 200 Series' (P:1 D:1)
[2019.05.02-23.12.03:385][  0]LogWindows:    1. 'AMD Radeon R9 200 Series' (P:0 D:1)
[2019.05.02-23.12.03:385][  0]LogWindows:    2. 'AMD Radeon R9 200 Series' (P:0 D:1)
[2019.05.02-23.12.03:385][  0]LogWindows:    3. 'AMD Radeon R9 200 Series' (P:0 D:0)
[2019.05.02-23.12.03:386][  0]LogWindows:    4. 'AMD Radeon R9 200 Series' (P:0 D:0)
[2019.05.02-23.12.03:386][  0]LogWindows:    5. 'AMD Radeon R9 200 Series' (P:0 D:0)
[2019.05.02-23.12.03:387][  0]LogWindows:    6. 'AMD Radeon R9 200 Series' (P:0 D:0)
[2019.05.02-23.12.03:387][  0]LogWindows:    7. 'AMD Radeon R9 200 Series' (P:0 D:0)
[2019.05.02-23.12.03:388][  0]LogWindows: DebugString: FoundDriverCount:8 
[2019.05.02-23.12.03:388][  0]LogD3D11RHI:     Adapter Name: AMD Radeon R9 200 Series
[2019.05.02-23.12.03:388][  0]LogD3D11RHI:   Driver Version: Adrenalin 2019 19.3.3 (internal:25.20.15027.9004, unified:25.20.15027.9004)
[2019.05.02-23.12.03:388][  0]LogD3D11RHI:      Driver Date: 3-18-2019
[2019.05.02-23.12.03:388][  0]LogRHI: Texture pool is 2136 MB (70% of 3052 MB)
[2019.05.02-23.12.03:481][  0]LogD3D11RHI: Async texture creation enabled
[2019.05.02-23.12.03:496][  0]LogD3D11RHI: GPU Timing Frequency: 27.000000 (Debug: 2 1)
[2019.05.02-23.12.03:896][  0]LogTemp: Display: Loaded TP AllDesktopTargetPlatform
[2019.05.02-23.12.03:913][  0]LogTemp: Display: Loaded TP MacClientTargetPlatform
[2019.05.02-23.12.03:930][  0]LogTemp: Display: Loaded TP MacNoEditorTargetPlatform
[2019.05.02-23.12.03:948][  0]LogTemp: Display: Loaded TP MacServerTargetPlatform
[2019.05.02-23.12.03:965][  0]LogTemp: Display: Loaded TP MacTargetPlatform
[2019.05.02-23.12.03:982][  0]LogTemp: Display: Loaded TP WindowsClientTargetPlatform
[2019.05.02-23.12.04:000][  0]LogTemp: Display: Loaded TP WindowsNoEditorTargetPlatform
[2019.05.02-23.12.04:017][  0]LogTemp: Display: Loaded TP WindowsServerTargetPlatform
[2019.05.02-23.12.04:024][  0]LogTemp: Display: Loaded TP WindowsTargetPlatform
[2019.05.02-23.12.04:128][  0]LogTemp: Display: Loaded TP AndroidTargetPlatform
[2019.05.02-23.12.04:128][  0]LogTemp: Display: Loaded TP AndroidTargetPlatform
[2019.05.02-23.12.04:128][  0]LogTemp: Display: Loaded TP AndroidTargetPlatform
[2019.05.02-23.12.04:128][  0]LogTemp: Display: Loaded TP AndroidTargetPlatform
[2019.05.02-23.12.04:128][  0]LogTemp: Display: Loaded TP AndroidTargetPlatform
[2019.05.02-23.12.04:128][  0]LogTemp: Display: Loaded TP AndroidTargetPlatform
[2019.05.02-23.12.04:128][  0]LogTemp: Display: Loaded TP AndroidTargetPlatform
[2019.05.02-23.12.04:128][  0]LogTemp: Display: Loaded TP AndroidTargetPlatform
[2019.05.02-23.12.04:128][  0]LogTemp: Display: Loaded TP AndroidTargetPlatform
[2019.05.02-23.12.04:128][  0]LogTemp: Display: Loaded TP AndroidTargetPlatform
[2019.05.02-23.12.04:128][  0]LogTemp: Display: Loaded TP AndroidTargetPlatform
[2019.05.02-23.12.04:128][  0]LogTemp: Display: Loaded TP AndroidTargetPlatform
[2019.05.02-23.12.04:128][  0]LogTemp: Display: Loaded TP AndroidTargetPlatform
[2019.05.02-23.12.04:128][  0]LogTemp: Display: Loaded TP AndroidTargetPlatform
[2019.05.02-23.12.04:128][  0]LogTemp: Display: Loaded TP AndroidTargetPlatform
[2019.05.02-23.12.04:128][  0]LogTemp: Display: Loaded TP AndroidTargetPlatform
[2019.05.02-23.12.04:128][  0]LogTemp: Display: Loaded TP AndroidTargetPlatform
[2019.05.02-23.12.04:128][  0]LogTemp: Display: Loaded TP AndroidTargetPlatform
[2019.05.02-23.12.04:129][  0]LogTemp: Display: Loaded TP HTML5TargetPlatform
[2019.05.02-23.12.04:199][  0]LogTemp: Display: Loaded TP IOSTargetPlatform
[2019.05.02-23.12.04:199][  0]LogTemp: Display: Loaded TP IOSTargetPlatform
[2019.05.02-23.12.04:232][  0]LogTemp: Display: Loaded TP TVOSTargetPlatform
[2019.05.02-23.12.04:232][  0]LogTemp: Display: Loaded TP TVOSTargetPlatform
[2019.05.02-23.12.04:250][  0]LogTemp: Display: Loaded TP LinuxClientTargetPlatform
[2019.05.02-23.12.04:270][  0]LogTemp: Display: Loaded TP LinuxNoEditorTargetPlatform
[2019.05.02-23.12.04:292][  0]LogTemp: Display: Loaded TP LinuxServerTargetPlatform
[2019.05.02-23.12.04:311][  0]LogTemp: Display: Loaded TP LinuxTargetPlatform
[2019.05.02-23.12.04:382][  0]LogTemp: Display: Loaded TP LuminTargetPlatform
[2019.05.02-23.12.04:382][  0]LogTemp: Display: Loaded TP LuminTargetPlatform
[2019.05.02-23.12.04:383][  0]LogTargetPlatformManager: Display: Building Assets For Windows
[2019.05.02-23.12.04:436][  0]LogShaderCompilers: Guid format shader working directory is 14 characters bigger than the processId version (F:/Github/RememberToLive/RememberToLive/Intermediate/Shaders/WorkingDirectory/13620/).
[2019.05.02-23.12.04:436][  0]LogShaderCompilers: Cleaned the shader compiler working directory 'C:/Users/David Anthony/AppData/Local/Temp/UnrealShaderWorkingDir/559BAE0A4DC2258C1848668CF8E943AE/'.
[2019.05.02-23.12.04:437][  0]LogXGEController: Cannot use XGE Controller as Incredibuild is not installed on this machine.
[2019.05.02-23.12.04:438][  0]LogShaderCompilers: Cannot use XGE Shader Compiler as Incredibuild is not installed on this machine.
[2019.05.02-23.12.04:438][  0]LogShaderCompilers: Display: Using Local Shader Compiler.
[2019.05.02-23.12.05:344][  0]LogDerivedDataCache: Display: Max Cache Size: 512 MB
[2019.05.02-23.12.05:434][  0]LogDerivedDataCache: Loaded boot cache 0.09s 71MB C:/Users/David Anthony/AppData/Local/UnrealEngine/4.21/DerivedDataCache/Boot.ddc.
[2019.05.02-23.12.05:434][  0]LogDerivedDataCache: Display: Loaded Boot cache: C:/Users/David Anthony/AppData/Local/UnrealEngine/4.21/DerivedDataCache/Boot.ddc
[2019.05.02-23.12.05:434][  0]LogDerivedDataCache: FDerivedDataBackendGraph:  Pak pak cache file F:/Github/RememberToLive/RememberToLive/DerivedDataCache/DDC.ddp not found, will not use a pak cache.
[2019.05.02-23.12.05:434][  0]LogDerivedDataCache: Unable to find inner node Pak for hierarchical cache Hierarchy.
[2019.05.02-23.12.05:435][  0]LogDerivedDataCache: FDerivedDataBackendGraph:  CompressedPak pak cache file F:/Github/RememberToLive/RememberToLive/DerivedDataCache/Compressed.ddp not found, will not use a pak cache.
[2019.05.02-23.12.05:435][  0]LogDerivedDataCache: Unable to find inner node CompressedPak for hierarchical cache Hierarchy.
[2019.05.02-23.12.05:455][  0]LogDerivedDataCache: Display: Pak cache opened for reading ../../../Engine/DerivedDataCache/Compressed.ddp.
[2019.05.02-23.12.05:455][  0]LogDerivedDataCache: FDerivedDataBackendGraph:  EnterprisePak pak cache file ../../../Enterprise/DerivedDataCache/Compressed.ddp not found, will not use a pak cache.
[2019.05.02-23.12.05:455][  0]LogDerivedDataCache: Unable to find inner node EnterprisePak for hierarchical cache Hierarchy.
[2019.05.02-23.12.05:467][  0]LogDerivedDataCache: Using Local data cache path C:/Users/David Anthony/AppData/Local/UnrealEngine/Common/DerivedDataCache: Writable
[2019.05.02-23.12.05:467][  0]LogDerivedDataCache: Shared data cache path not found in *engine.ini, will not use an Shared cache.
[2019.05.02-23.12.05:467][  0]LogDerivedDataCache: Unable to find inner node Shared for hierarchical cache Hierarchy.
[2019.05.02-23.12.05:501][  0]LogMaterial: Verifying Global Shaders for PCD3D_SM5
[2019.05.02-23.12.05:503][  0]LogSlate: Using FreeType 2.6.0
[2019.05.02-23.12.05:503][  0]LogSlate: SlateFontServices - WITH_FREETYPE: 1, WITH_HARFBUZZ: 1
[2019.05.02-23.12.05:604][  0]LogAssetRegistry: FAssetRegistry took 0.0374 seconds to start up
[2019.05.02-23.12.06:053][  0]LogInit: Selected Device Profile: [Windows]
[2019.05.02-23.12.06:137][  0]LogSimplygon: Simplygon DLL not present - disabling.
[2019.05.02-23.12.06:140][  0]LogMeshReduction: Using SimplygonSwarm for distributed automatic mesh merging
[2019.05.02-23.12.06:140][  0]LogMeshReduction: Using ProxyLODMeshReduction for automatic mesh merging
[2019.05.02-23.12.06:140][  0]LogMeshReduction: Using QuadricMeshReduction for automatic static mesh reduction
[2019.05.02-23.12.06:140][  0]LogMeshReduction: No automatic skeletal mesh reduction module available
[2019.05.02-23.12.06:264][  0]LogNetVersion: RememberToLive 1.0.0, NetCL: 4541578, EngineNetVer: 5, GameNetVer: 0 (Checksum: 3974468374)
[2019.05.02-23.12.07:007][  0]LogPackageLocalizationCache: Processed 11 localized package path(s) for 2 prioritized culture(s) in 0.158934 seconds
[2019.05.02-23.12.07:014][  0]LogUObjectArray: 39775 objects as part of root set at end of initial load.
[2019.05.02-23.12.07:014][  0]LogUObjectAllocator: 6914664 out of 0 bytes used by permanent object pool.
[2019.05.02-23.12.07:014][  0]LogUObjectArray: CloseDisregardForGC: 0/0 objects in disregard for GC pool
[2019.05.02-23.12.07:985][  0]LogTcpMessaging: Initializing TcpMessaging bridge
[2019.05.02-23.12.08:018][  0]LogUdpMessaging: Initializing bridge on interface 0.0.0.0:0 to multicast group 230.0.0.1:6666.
[2019.05.02-23.12.08:831][  0]SourceControl: Source control is disabled
[2019.05.02-23.12.08:831][  0]SourceControl: Source control is disabled
[2019.05.02-23.12.08:832][  0]SourceControl: Source control is disabled
[2019.05.02-23.12.08:833][  0]SourceControl: Source control is disabled
[2019.05.02-23.12.09:006][  0]LogAndroidPermission: UAndroidPermissionCallbackProxy::GetInstance
[2019.05.02-23.12.09:085][  0]LogOcInput: OculusInput pre-init called
[2019.05.02-23.12.09:262][  0]LogEngine: Initializing Engine...
[2019.05.02-23.12.09:265][  0]LogHMD: Failed to initialize OpenVR with code 105
[2019.05.02-23.12.09:267][  0]LogStats: UGameplayTagsManager::ConstructGameplayTagTree: ImportINI prefixes -  0.000 s
[2019.05.02-23.12.09:267][  0]LogStats: UGameplayTagsManager::ConstructGameplayTagTree: Construct from data asset -  0.000 s
[2019.05.02-23.12.09:267][  0]LogStats: UGameplayTagsManager::ConstructGameplayTagTree: ImportINI -  0.000 s
[2019.05.02-23.12.09:267][  0]LogStats: UGameplayTagsManager::ConstructGameplayTagTree: GameplayTagTreeChangedEvent.Broadcast -  0.000 s
[2019.05.02-23.12.09:566][  0]LogInit: Initializing FReadOnlyCVARCache
[2019.05.02-23.12.09:579][  0]LogAIModule: Creating AISystem for world Untitled
[2019.05.02-23.12.09:622][  0]LogInit: XAudio2 using 'Speakers (Realtek High Definition Audio)' : 2 channels at 48 kHz using 32 bits per sample (channel mask 0x3)
[2019.05.02-23.12.09:667][  0]LogInit: FAudioDevice initialized.
[2019.05.02-23.12.09:667][  0]LogNetVersion: Set ProjectVersion to 1.0.0.0. Version Checksum will be recalculated on next use.
[2019.05.02-23.12.09:774][  0]LogDerivedDataCache: Saved boot cache 0.11s 71MB C:/Users/David Anthony/AppData/Local/UnrealEngine/4.21/DerivedDataCache/Boot.ddc.
[2019.05.02-23.12.09:780][  0]LogInit: Texture streaming: Enabled
[2019.05.02-23.12.09:795][  0]LogEngineSessionManager: EngineSessionManager initialized
[2019.05.02-23.12.09:814][  0]LogInit: Transaction tracking system initialized
[2019.05.02-23.12.09:833][  0]BlueprintLog: New page: Editor Load
[2019.05.02-23.12.09:990][  0]LocalizationService: Localization service is disabled
[2019.05.02-23.12.11:156][  0]LogFileCache: Scanning file cache for directory 'F:/Github/RememberToLive/RememberToLive/Content/' took 0.01s
[2019.05.02-23.12.11:156][  0]LogCook: Display: Max memory allowance for cook 16384mb min free memory 0mb
[2019.05.02-23.12.11:156][  0]LogCook: Display: Mobile HDR setting 1
[2019.05.02-23.12.11:156][  0]LogGameplayTags: Display: UGameplayTagsManager::DoneAddingNativeTags. DelegateIsBound: 0
[2019.05.02-23.12.11:156][  0]LogStats: UGameplayTagsManager::ConstructGameplayTagTree: ImportINI prefixes -  0.000 s
[2019.05.02-23.12.11:156][  0]LogStats: UGameplayTagsManager::ConstructGameplayTagTree: Construct from data asset -  0.000 s
[2019.05.02-23.12.11:156][  0]LogStats: UGameplayTagsManager::ConstructGameplayTagTree: ImportINI -  0.000 s
[2019.05.02-23.12.11:156][  0]LogStats: UGameplayTagsManager::ConstructGameplayTagTree: GameplayTagTreeChangedEvent.Broadcast -  0.000 s
[2019.05.02-23.12.11:294][  0]SourceControl: Source control is disabled
[2019.05.02-23.12.11:294][  0]Cmd: MAP LOAD FILE="../../../Engine/Content/Maps/Templates/Template_Default.umap" TEMPLATE=1 SHOWPROGRESS=1 FEATURELEVEL=3
[2019.05.02-23.12.11:294][  0]LightingResults: New page: Lighting Build
[2019.05.02-23.12.11:297][  0]MapCheck: New page: Map Check
[2019.05.02-23.12.11:297][  0]LightingResults: New page: Lighting Build
[2019.05.02-23.12.11:627][  0]LogAIModule: Creating AISystem for world Untitled_1
[2019.05.02-23.12.11:634][  0]LogEditorServer: Finished looking for orphan Actors (0.000 secs)
[2019.05.02-23.12.11:727][  0]Cmd: MAP CHECKDEP NOCLEARLOG
[2019.05.02-23.12.11:728][  0]MapCheck: Map check complete: 0 Error(s), 0 Warning(s), took 0.176ms to complete.
[2019.05.02-23.12.11:728][  0]LogFileHelpers: Loading map 'Template_Default' took 0.434
[2019.05.02-23.12.17:663][  0]LogSlate: Only BGRA pngs, bmps or icos are supported in by External Image Picker
[2019.05.02-23.12.18:415][  0]LogTemp: Executing iPhonePackager certificates Engine -bundlename com.YourCompany.RememberToLive
[2019.05.02-23.12.18:415][  0]LogTemp: CWD: E:\Program Installs\UnrealEngine\UE_4.21\Engine\Binaries\DotNET\IOS
[2019.05.02-23.12.18:415][  0]LogTemp: Initial Dir: E:\Program Installs\UnrealEngine\UE_4.21
[2019.05.02-23.12.18:415][  0]LogTemp: Env CWD: E:\Program Installs\UnrealEngine\UE_4.21\Engine\Binaries\DotNET\IOS
[2019.05.02-23.12.18:415][  0]LogTemp: BranchPath = DESKTOP-MLLQOGQ/E/Program Installs/UnrealEngine/UE_4.21/Engine/Binaries --- GameBranchPath = DESKTOP-MLLQOGQ/E/Program Installs/UnrealEngine/UE_4.21/Engine/Binaries
[2019.05.02-23.12.18:415][  0]LogTemp: IPP ERROR: Could not find provision directory 'C:\Users\David Anthony\AppData\Local/Apple Computer/MobileDevice/Provisioning Profiles/'.
[2019.05.02-23.12.18:415][  0]LogSlate: Updating window title bar state: overlay mode, drag disabled, window buttons hidden, title bar hidden
[2019.05.02-23.12.18:424][  0]LogSlate: Updating window title bar state: overlay mode, drag disabled, window buttons hidden, title bar hidden
[2019.05.02-23.12.18:432][  0]LogSlate: Updating window title bar state: overlay mode, drag disabled, window buttons hidden, title bar hidden
[2019.05.02-23.12.18:440][  0]LogSlate: Updating window title bar state: overlay mode, drag disabled, window buttons hidden, title bar hidden
[2019.05.02-23.12.18:545][  0]LogCollectionManager: Loaded 0 collections in 0.001156 seconds
[2019.05.02-23.12.18:796][  0]LogFileCache: Scanning file cache for directory 'F:/Github/RememberToLive/RememberToLive/Saved/Collections/' took 0.01s
[2019.05.02-23.12.18:796][  0]LogFileCache: Scanning file cache for directory 'F:/Github/RememberToLive/RememberToLive/Content/Developers/DavidAnthony/Collections/' took 0.01s
[2019.05.02-23.12.18:796][  0]LogFileCache: Scanning file cache for directory 'F:/Github/RememberToLive/RememberToLive/Content/Collections/' took 0.01s
[2019.05.02-23.12.18:796][  0]LogCollectionManager: Rebuilt the GUID cache for 0 collections in 0.000001 seconds
[2019.05.02-23.12.18:823][  0]LogContentBrowser: Native class hierarchy populated in 0.0247 seconds. Added 2651 classes and 620 folders.
[2019.05.02-23.12.18:942][  0]LogContentBrowser: Native class hierarchy updated for 'WidgetCarousel' in 0.0003 seconds. Added 0 classes and 0 folders.
[2019.05.02-23.12.19:074][  0]LogPakFile: Registered encryption key '00000000000000000000000000000000': 0 pak files mounted, 0 remain pending
[2019.05.02-23.12.19:142][  0]LogPakFile: Registered encryption key '00000000000000000000000000000000': 0 pak files mounted, 0 remain pending
[2019.05.02-23.12.19:160][  0]LogPakFile: Registered encryption key '00000000000000000000000000000000': 0 pak files mounted, 0 remain pending
[2019.05.02-23.12.19:165][  0]LogPakFile: Registered encryption key '00000000000000000000000000000000': 0 pak files mounted, 0 remain pending
[2019.05.02-23.12.19:171][  0]LogPakFile: Registered encryption key '00000000000000000000000000000000': 0 pak files mounted, 0 remain pending
[2019.05.02-23.12.19:176][  0]LogPakFile: Registered encryption key '00000000000000000000000000000000': 0 pak files mounted, 0 remain pending
[2019.05.02-23.12.19:182][  0]LogPakFile: Registered encryption key '00000000000000000000000000000000': 0 pak files mounted, 0 remain pending
[2019.05.02-23.12.19:188][  0]LogPakFile: Registered encryption key '00000000000000000000000000000000': 0 pak files mounted, 0 remain pending
[2019.05.02-23.12.19:195][  0]LogPakFile: Registered encryption key '00000000000000000000000000000000': 0 pak files mounted, 0 remain pending
[2019.05.02-23.12.19:214][  0]LogPakFile: Registered encryption key '00000000000000000000000000000000': 0 pak files mounted, 0 remain pending
[2019.05.02-23.12.19:219][  0]LogPakFile: Registered encryption key '00000000000000000000000000000000': 0 pak files mounted, 0 remain pending
[2019.05.02-23.12.19:237][  0]LogPakFile: Registered encryption key '00000000000000000000000000000000': 0 pak files mounted, 0 remain pending
[2019.05.02-23.12.19:244][  0]LogPakFile: Registered encryption key '00000000000000000000000000000000': 0 pak files mounted, 0 remain pending
[2019.05.02-23.12.19:250][  0]LogPakFile: Registered encryption key '00000000000000000000000000000000': 0 pak files mounted, 0 remain pending
[2019.05.02-23.12.19:257][  0]LogPakFile: Registered encryption key '00000000000000000000000000000000': 0 pak files mounted, 0 remain pending
[2019.05.02-23.12.19:262][  0]LogPakFile: Registered encryption key '00000000000000000000000000000000': 0 pak files mounted, 0 remain pending
[2019.05.02-23.12.19:299][  0]LogPakFile: Registered encryption key '00000000000000000000000000000000': 0 pak files mounted, 0 remain pending
[2019.05.02-23.12.19:311][  0]LogPakFile: Registered encryption key '00000000000000000000000000000000': 0 pak files mounted, 0 remain pending
[2019.05.02-23.12.19:317][  0]LogPakFile: Registered encryption key '00000000000000000000000000000000': 0 pak files mounted, 0 remain pending
[2019.05.02-23.12.19:322][  0]LogPakFile: Registered encryption key '00000000000000000000000000000000': 0 pak files mounted, 0 remain pending
[2019.05.02-23.12.19:353][  0]LogPakFile: Registered encryption key '00000000000000000000000000000000': 0 pak files mounted, 0 remain pending
[2019.05.02-23.12.19:358][  0]LogPakFile: Registered encryption key '00000000000000000000000000000000': 0 pak files mounted, 0 remain pending
[2019.05.02-23.12.19:365][  0]LogPakFile: Registered encryption key '00000000000000000000000000000000': 0 pak files mounted, 0 remain pending
[2019.05.02-23.12.19:371][  0]LogPakFile: Registered encryption key '00000000000000000000000000000000': 0 pak files mounted, 0 remain pending
[2019.05.02-23.12.19:377][  0]LogPakFile: Registered encryption key '00000000000000000000000000000000': 0 pak files mounted, 0 remain pending
[2019.05.02-23.12.19:393][  0]LogPakFile: Registered encryption key '00000000000000000000000000000000': 0 pak files mounted, 0 remain pending
[2019.05.02-23.12.20:195][  0]LogContentBrowser: Native class hierarchy updated for 'AddContentDialog' in 0.0003 seconds. Added 0 classes and 0 folders.
[2019.05.02-23.12.20:293][  0]LogContentBrowser: Native class hierarchy updated for 'SceneOutliner' in 0.0003 seconds. Added 1 classes and 2 folders.
[2019.05.02-23.12.20:623][  0]LogContentBrowser: Native class hierarchy updated for 'WorldBrowser' in 0.0004 seconds. Added 2 classes and 3 folders.
[2019.05.02-23.12.21:102][  0]LogSlate: Took 0.000252 seconds to synchronously load lazily loaded font '../../../Engine/Content/Slate/Fonts/Roboto-Regular.ttf' (155K)
[2019.05.02-23.12.21:105][  0]LogSlate: Took 0.000250 seconds to synchronously load lazily loaded font '../../../Engine/Content/Slate/Fonts/Roboto-Bold.ttf' (160K)
[2019.05.02-23.12.21:206][  0]LogSlate: Took 0.038406 seconds to synchronously load lazily loaded font '../../../Engine/Content/Editor/Slate/Fonts/FontAwesome.ttf' (139K)
[2019.05.02-23.12.21:623][  0]LogRenderer: Reallocating scene render targets to support 1208x600 Format 9 NumSamples 1 (Frame:1).
[2019.05.02-23.12.22:264][  0]LogContentBrowser: Native class hierarchy updated for 'HierarchicalLODOutliner' in 0.0004 seconds. Added 0 classes and 0 folders.
[2019.05.02-23.12.22:264][  0]LogLoad: (Engine Initialization) Total time: 21.68 seconds
[2019.05.02-23.12.22:265][  0]LogLoad: (Engine Initialization) Total Blueprint compile time: 0.00 seconds
[2019.05.02-23.12.22:276][  0]LogWindowsTextInputMethodSystem: Display: IME system now deactivated.
[2019.05.02-23.12.22:348][  0]LogContentStreaming: Texture pool size now 600 MB
[2019.05.02-23.12.29:029][716]LogSlate: FSceneViewport::OnFocusLost() reason 0
[2019.05.02-23.12.33:097][192]LogAssetRegistry: Asset discovery search completed in 27.5150 seconds
[2019.05.02-23.12.33:100][192]LogCollectionManager: Rebuilt the object cache for 0 collections in 0.000001 seconds (found 0 objects)
[2019.05.02-23.12.33:100][192]LogCollectionManager: Fixed up redirectors for 0 collections in 0.000075 seconds (updated 0 objects)
[2019.05.02-23.12.57:676][ 67]LogEditorViewport: Clicking on Actor (LMB): StaticMeshActor (Floor)
[2019.05.02-23.14.07:871][224]LogEditorViewport: Clicking on Actor (LMB): StaticMeshActor (Floor)
[2019.05.02-23.14.08:175][258]LogEditorViewport: Clicking on Actor (LMB): BP_Sky_Sphere_C (Sky Sphere)
[2019.05.02-23.14.08:491][278]LogEditorViewport: Clicking on Actor (LMB): StaticMeshActor (Floor)
[2019.05.02-23.14.09:366][376]Cmd: DELETE
[2019.05.02-23.14.09:366][376]Cmd: ACTOR DELETE
[2019.05.02-23.14.09:467][376]LogEditorActor: Deleted Actor: StaticMeshActor
[2019.05.02-23.14.09:574][376]LogEditorActor: Deleted 1 Actors (0.161 secs)
[2019.05.02-23.14.10:318][464]LogSlate: FSceneViewport::OnFocusLost() reason 0
[2019.05.02-23.14.23:414][947]LogSlate: Took 0.000193 seconds to synchronously load lazily loaded font '../../../Engine/Content/Slate/Fonts/Roboto-Light.ttf' (167K)
[2019.05.02-23.15.08:622][219]LogSlate: Took 0.000212 seconds to synchronously load lazily loaded font '../../../Engine/Content/Slate/Fonts/Roboto-Light.ttf' (167K)
[2019.05.02-23.16.01:390][557]LogSlate: Window 'Save Level As' being destroyed
[2019.05.02-23.16.01:545][557]Cmd: OBJ SAVEPACKAGE PACKAGE="/Game/Levels/Default" FILE="F:/Github/RememberToLive/RememberToLive/Content/Levels/Default.umap" SILENT=true AUTOSAVING=false KEEPDIRTY=false
[2019.05.02-23.16.02:025][557]LogSavePackage: Moving 'F:/Github/RememberToLive/RememberToLive/Saved/DefaultB0029DFC454C131090A46B86A27492B5.tmp' to 'F:/Github/RememberToLive/RememberToLive/Content/Levels/Default.umap'
[2019.05.02-23.16.02:092][557]Cmd: OBJ SAVEPACKAGE PACKAGE="/Game/Levels/Default_BuiltData" FILE="F:/Github/RememberToLive/RememberToLive/Content/Levels/Default_BuiltData.uasset" SILENT=true
[2019.05.02-23.16.02:125][557]LogSavePackage: Moving 'F:/Github/RememberToLive/RememberToLive/Saved/Default_BuiltData1E6A2C5B4E0A7C1A2B1F1587C3666CAB.tmp' to 'F:/Github/RememberToLive/RememberToLive/Content/Levels/Default_BuiltData.uasset'
[2019.05.02-23.16.02:135][557]LogFileHelpers: Saving map 'Default' took 0.739
[2019.05.02-23.16.38:601][105]LogSlate: FSceneViewport::OnFocusLost() reason 0
[2019.05.02-23.16.38:875][115]LogSlate: Window 'RememberToLive - Unreal Editor' being destroyed
[2019.05.02-23.16.38:876][115]LogWindowsTextInputMethodSystem: Display: IME system now deactivated.
[2019.05.02-23.16.39:170][116]Cmd: QUIT_EDITOR
[2019.05.02-23.16.39:226][116]LogExit: Preparing to exit.
[2019.05.02-23.16.40:265][116]LogExit: Editor shut down
[2019.05.02-23.16.40:266][116]LogExit: Transaction tracking system shut down
[2019.05.02-23.16.40:544][116]LogExit: Object subsystem successfully closed.
[2019.05.02-23.16.40:569][116]LogShaderCompilers: Display: Shaders left to compile 0
[2019.05.02-23.16.40:575][116]LogD3D11RHI: Shutdown
[2019.05.02-23.16.40:575][116]LogD3D11RHI: CleanupD3DDevice
[2019.05.02-23.16.40:577][116]LogD3D11RHI: ~FD3D11DynamicRHI
[2019.05.02-23.16.40:595][116]LogModuleManager: Shutting down and abandoning module HierarchicalLODOutliner (628)
[2019.05.02-23.16.40:595][116]LogModuleManager: Shutting down and abandoning module WorldBrowser (626)
[2019.05.02-23.16.40:595][116]LogModuleManager: Shutting down and abandoning module SceneOutliner (624)
[2019.05.02-23.16.40:596][116]LogModuleManager: Shutting down and abandoning module AddContentDialog (622)
[2019.05.02-23.16.40:597][116]LogModuleManager: Shutting down and abandoning module WidgetCarousel (621)
[2019.05.02-23.16.40:597][116]LogModuleManager: Shutting down and abandoning module EditorWidgets (618)
[2019.05.02-23.16.40:597][116]LogModuleManager: Shutting down and abandoning module CollectionManager (616)
[2019.05.02-23.16.40:597][116]LogModuleManager: Shutting down and abandoning module ExternalImagePicker (614)
[2019.05.02-23.16.40:597][116]LogModuleManager: Shutting down and abandoning module HierarchicalLODUtilities (612)
[2019.05.02-23.16.40:597][116]LogModuleManager: Shutting down and abandoning module StatsViewer (610)
[2019.05.02-23.16.40:597][116]LogModuleManager: Shutting down and abandoning module FoliageEdit (608)
[2019.05.02-23.16.40:597][116]LogModuleManager: Shutting down and abandoning module LandscapeEditor (606)
[2019.05.02-23.16.40:597][116]LogModuleManager: Shutting down and abandoning module MeshPaintMode (604)
[2019.05.02-23.16.40:597][116]LogModuleManager: Shutting down and abandoning module SceneDepthPickerMode (602)
[2019.05.02-23.16.40:597][116]LogModuleManager: Shutting down and abandoning module ActorPickerMode (600)
[2019.05.02-23.16.40:597][116]LogModuleManager: Shutting down and abandoning module GeometryMode (598)
[2019.05.02-23.16.40:597][116]LogModuleManager: Shutting down and abandoning module TextureAlignMode (596)
[2019.05.02-23.16.40:597][116]LogModuleManager: Shutting down and abandoning module BspMode (594)
[2019.05.02-23.16.40:597][116]LogModuleManager: Shutting down and abandoning module PIEPreviewDeviceProfileSelector (592)
[2019.05.02-23.16.40:597][116]LogModuleManager: Shutting down and abandoning module SequenceRecorderSections (590)
[2019.05.02-23.16.40:597][116]LogModuleManager: Shutting down and abandoning module AutomationWorker (588)
[2019.05.02-23.16.40:597][116]LogModuleManager: Shutting down and abandoning module AudioCaptureEditor (586)
[2019.05.02-23.16.40:598][116]LogModuleManager: Shutting down and abandoning module MatineeToLevelSequence (584)
[2019.05.02-23.16.40:598][116]LogModuleManager: Shutting down and abandoning module LevelSequenceEditor (582)
[2019.05.02-23.16.40:598][116]LogModuleManager: Shutting down and abandoning module PlacementMode (581)
[2019.05.02-23.16.40:598][116]LogModuleManager: Shutting down and abandoning module MaterialEditor (580)
[2019.05.02-23.16.40:598][116]LogModuleManager: Shutting down and abandoning module WmfMediaFactory (576)
[2019.05.02-23.16.40:598][116]LogModuleManager: Shutting down and abandoning module WmfMediaEditor (574)
[2019.05.02-23.16.40:598][116]LogModuleManager: Shutting down and abandoning module WebMMediaFactory (572)
[2019.05.02-23.16.40:598][116]LogModuleManager: Shutting down and abandoning module WebMMediaEditor (570)
[2019.05.02-23.16.40:598][116]LogModuleManager: Shutting down and abandoning module WebMMedia (568)
[2019.05.02-23.16.40:598][116]LogModuleManager: Shutting down and abandoning module MediaPlayerEditor (566)
[2019.05.02-23.16.40:598][116]LogModuleManager: Shutting down and abandoning module MediaCompositingEditor (564)
[2019.05.02-23.16.40:598][116]LogModuleManager: Shutting down and abandoning module SequenceRecorder (563)
[2019.05.02-23.16.40:598][116]LogModuleManager: Shutting down and abandoning module OpenExrWrapper (560)
[2019.05.02-23.16.40:598][116]LogModuleManager: Shutting down and abandoning module ImgMediaFactory (558)
[2019.05.02-23.16.40:598][116]LogModuleManager: Shutting down and abandoning module ImgMediaEditor (556)
[2019.05.02-23.16.40:598][116]LogModuleManager: Shutting down and abandoning module AvfMediaFactory (554)
[2019.05.02-23.16.40:598][116]LogModuleManager: Shutting down and abandoning module AvfMediaEditor (552)
[2019.05.02-23.16.40:598][116]LogModuleManager: Shutting down and abandoning module AndroidMediaFactory (550)
[2019.05.02-23.16.40:598][116]LogModuleManager: Shutting down and abandoning module AndroidMediaEditor (548)
[2019.05.02-23.16.40:598][116]LogModuleManager: Shutting down and abandoning module MagicLeapCameraPreviewFactory (546)
[2019.05.02-23.16.40:598][116]LogModuleManager: Shutting down and abandoning module MagicLeapMediaFactory (544)
[2019.05.02-23.16.40:598][116]LogModuleManager: Shutting down and abandoning module MagicLeapMediaEditor (542)
[2019.05.02-23.16.40:598][116]LogModuleManager: Shutting down and abandoning module CharacterAI (540)
[2019.05.02-23.16.40:598][116]LogModuleManager: Shutting down and abandoning module SmartSnapping (538)
[2019.05.02-23.16.40:598][116]LogModuleManager: Shutting down and abandoning module SessionServices (536)
[2019.05.02-23.16.40:598][116]LogModuleManager: Shutting down and abandoning module ViewportSnapping (534)
[2019.05.02-23.16.40:598][116]LogModuleManager: Shutting down and abandoning module ViewportInteraction (532)
[2019.05.02-23.16.40:598][116]LogModuleManager: Shutting down and abandoning module ClothPainter (530)
[2019.05.02-23.16.40:598][116]LogModuleManager: Shutting down and abandoning module SkeletalMeshEditor (529)
[2019.05.02-23.16.40:598][116]LogModuleManager: Shutting down and abandoning module LogVisualizer (526)
[2019.05.02-23.16.40:599][116]LogModuleManager: Shutting down and abandoning module IntroTutorials (524)
[2019.05.02-23.16.40:599][116]LogModuleManager: Shutting down and abandoning module GameProjectGeneration (523)
[2019.05.02-23.16.40:599][116]LogModuleManager: Shutting down and abandoning module LuminPlatformEditor (520)
[2019.05.02-23.16.40:599][116]LogModuleManager: Shutting down and abandoning module IOSPlatformEditor (518)
[2019.05.02-23.16.40:599][116]LogModuleManager: Shutting down and abandoning module HTML5PlatformEditor (516)
[2019.05.02-23.16.40:599][116]LogModuleManager: Shutting down and abandoning module AndroidPlatformEditor (514)
[2019.05.02-23.16.40:599][116]LogModuleManager: Shutting down and abandoning module AndroidDeviceDetection (513)
[2019.05.02-23.16.41:488][116]LogModuleManager: Shutting down and abandoning module WindowsPlatformEditor (510)
[2019.05.02-23.16.41:488][116]LogModuleManager: Shutting down and abandoning module LuminRuntimeSettings (508)
[2019.05.02-23.16.41:488][116]LogModuleManager: Shutting down and abandoning module IOSRuntimeSettings (506)
[2019.05.02-23.16.41:488][116]LogModuleManager: Shutting down and abandoning module AndroidRuntimeSettings (504)
[2019.05.02-23.16.41:488][116]LogModuleManager: Shutting down and abandoning module TimeManagementEditor (502)
[2019.05.02-23.16.41:489][116]LogModuleManager: Shutting down and abandoning module InputBindingEditor (500)
[2019.05.02-23.16.41:489][116]LogModuleManager: Shutting down and abandoning module MergeActors (498)
[2019.05.02-23.16.41:489][116]LogModuleManager: Shutting down and abandoning module LocalizationDashboard (496)
[2019.05.02-23.16.41:489][116]LogModuleManager: Shutting down and abandoning module LocalizationService (495)
[2019.05.02-23.16.41:489][116]LogModuleManager: Shutting down and abandoning module HardwareTargeting (492)
[2019.05.02-23.16.41:489][116]LogModuleManager: Shutting down and abandoning module DeviceProfileEditor (490)
[2019.05.02-23.16.41:489][116]LogModuleManager: Shutting down and abandoning module UndoHistory (488)
[2019.05.02-23.16.41:489][116]LogModuleManager: Shutting down and abandoning module XmlParser (486)
[2019.05.02-23.16.41:489][116]LogModuleManager: Shutting down and abandoning module Blutility (484)
[2019.05.02-23.16.41:489][116]LogModuleManager: Shutting down and abandoning module ProjectSettingsViewer (482)
[2019.05.02-23.16.41:489][116]LogModuleManager: Shutting down and abandoning module ProjectTargetPlatformEditor (481)
[2019.05.02-23.16.41:490][116]LogModuleManager: Shutting down and abandoning module EditorSettingsViewer (478)
[2019.05.02-23.16.41:490][116]LogModuleManager: Shutting down and abandoning module SettingsEditor (476)
[2019.05.02-23.16.41:490][116]LogModuleManager: Shutting down and abandoning module ProjectLauncher (474)
[2019.05.02-23.16.41:490][116]LogModuleManager: Shutting down and abandoning module SessionFrontend (472)
[2019.05.02-23.16.41:490][116]LogModuleManager: Shutting down and abandoning module ProfilerClient (470)
[2019.05.02-23.16.41:490][116]LogModuleManager: Shutting down and abandoning module DeviceManager (468)
[2019.05.02-23.16.41:490][116]LogModuleManager: Shutting down and abandoning module TargetDeviceServices (467)
[2019.05.02-23.16.41:556][116]LogModuleManager: Shutting down and abandoning module AutomationController (464)
[2019.05.02-23.16.41:556][116]LogModuleManager: Shutting down and abandoning module AutomationWindow (462)
[2019.05.02-23.16.41:556][116]LogModuleManager: Shutting down and abandoning module Layers (460)
[2019.05.02-23.16.41:556][116]LogModuleManager: Shutting down and abandoning module ComponentVisualizers (458)
[2019.05.02-23.16.41:556][116]LogModuleManager: Shutting down and abandoning module DetailCustomizations (456)
[2019.05.02-23.16.41:556][116]LogModuleManager: Shutting down and abandoning module PackagesDialog (454)
[2019.05.02-23.16.41:557][116]LogModuleManager: Shutting down and abandoning module Persona (452)
[2019.05.02-23.16.41:557][116]LogModuleManager: Shutting down and abandoning module AdvancedPreviewScene (451)
[2019.05.02-23.16.41:557][116]LogModuleManager: Shutting down and abandoning module AnimGraph (449)
[2019.05.02-23.16.41:557][116]LogModuleManager: Shutting down and abandoning module Kismet (446)
[2019.05.02-23.16.41:558][116]LogModuleManager: Shutting down and abandoning module GraphEditor (444)
[2019.05.02-23.16.41:558][116]LogModuleManager: Shutting down and abandoning module ClassViewer (442)
[2019.05.02-23.16.41:558][116]LogModuleManager: Shutting down and abandoning module Toolbox (440)
[2019.05.02-23.16.41:558][116]LogModuleManager: Shutting down and abandoning module ModuleUI (438)
[2019.05.02-23.16.41:558][116]LogModuleManager: Shutting down and abandoning module MovieSceneTools (436)
[2019.05.02-23.16.41:558][116]LogModuleManager: Shutting down and abandoning module OutputLog (434)
[2019.05.02-23.16.41:558][116]LogModuleManager: Shutting down and abandoning module GammaUI (432)
[2019.05.02-23.16.41:558][116]LogModuleManager: Shutting down and abandoning module Documentation (430)
[2019.05.02-23.16.41:559][116]LogModuleManager: Shutting down and abandoning module MovieSceneTracks (428)
[2019.05.02-23.16.41:559][116]LogModuleManager: Shutting down and abandoning module MovieScene (426)
[2019.05.02-23.16.41:559][116]LogModuleManager: Shutting down and abandoning module StreamingPauseRendering (424)
[2019.05.02-23.16.41:559][116]LogModuleManager: Shutting down and abandoning module LauncherPlatform (422)
[2019.05.02-23.16.41:559][116]LogModuleManager: Shutting down and abandoning module AnalyticsET (420)
[2019.05.02-23.16.41:559][116]LogModuleManager: Shutting down and abandoning module PortalServices (418)
[2019.05.02-23.16.41:559][116]LogModuleManager: Shutting down and abandoning module PortalRpc (416)
[2019.05.02-23.16.41:559][116]LogModuleManager: Shutting down and abandoning module MessagingRpc (414)
[2019.05.02-23.16.41:559][116]LogModuleManager: Shutting down and abandoning module AIModule (412)
[2019.05.02-23.16.41:559][116]LogModuleManager: Shutting down and abandoning module GameplayDebugger (411)
[2019.05.02-23.16.41:559][116]LogModuleManager: Shutting down and abandoning module AITestSuite (409)
[2019.05.02-23.16.41:559][116]LogModuleManager: Shutting down and abandoning module NavigationSystem (407)
[2019.05.02-23.16.41:560][116]LogModuleManager: Shutting down and abandoning module DesktopPlatform (404)
[2019.05.02-23.16.41:560][116]LogModuleManager: Shutting down and abandoning module ImageWriteQueue (402)
[2019.05.02-23.16.41:568][116]LogModuleManager: Shutting down and abandoning module ProfilerService (400)
[2019.05.02-23.16.41:773][116]LogModuleManager: Shutting down and abandoning module TaskGraph (398)
[2019.05.02-23.16.41:773][116]LogModuleManager: Shutting down and abandoning module SteamVRController (396)
[2019.05.02-23.16.41:773][116]LogModuleManager: Shutting down and abandoning module ProceduralMeshComponentEditor (394)
[2019.05.02-23.16.41:773][116]LogModuleManager: Shutting down and abandoning module ProceduralMeshComponent (392)
[2019.05.02-23.16.41:773][116]LogModuleManager: Shutting down and abandoning module OculusInput (390)
[2019.05.02-23.16.41:773][116]LogModuleManager: Shutting down and abandoning module MobilePatchingUtils (388)
[2019.05.02-23.16.41:773][116]LogModuleManager: Shutting down and abandoning module EditableMesh (386)
[2019.05.02-23.16.41:774][116]LogModuleManager: Shutting down and abandoning module CustomMeshComponent (384)
[2019.05.02-23.16.41:774][116]LogModuleManager: Shutting down and abandoning module CableComponent (382)
[2019.05.02-23.16.41:774][116]LogModuleManager: Shutting down and abandoning module AudioCapture (380)
[2019.05.02-23.16.41:774][116]LogModuleManager: Shutting down and abandoning module ArchVisCharacter (378)
[2019.05.02-23.16.41:774][116]LogModuleManager: Shutting down and abandoning module AndroidPermission (376)
[2019.05.02-23.16.41:774][116]LogModuleManager: Shutting down and abandoning module NUTUnrealEngine4 (374)
[2019.05.02-23.16.41:774][116]LogModuleManager: Shutting down and abandoning module NetcodeUnitTest (372)
[2019.05.02-23.16.41:774][116]LogModuleManager: Shutting down and abandoning module MediaCompositing (370)
[2019.05.02-23.16.41:774][116]LogModuleManager: Shutting down and abandoning module LinearTimecode (368)
[2019.05.02-23.16.41:774][116]LogModuleManager: Shutting down and abandoning module ImgMedia (366)
[2019.05.02-23.16.41:786][116]LogModuleManager: Shutting down and abandoning module HTML5Networking (364)
[2019.05.02-23.16.41:786][116]LogModuleManager: Shutting down and abandoning module GeometryCacheTracks (362)
[2019.05.02-23.16.41:786][116]LogModuleManager: Shutting down and abandoning module GeometryCacheSequencer (360)
[2019.05.02-23.16.41:786][116]LogModuleManager: Shutting down and abandoning module BackChannel (358)
[2019.05.02-23.16.41:786][116]LogModuleManager: Shutting down and abandoning module AppleVision (356)
[2019.05.02-23.16.41:787][116]LogModuleManager: Shutting down and abandoning module AppleImageUtilsBlueprintSupport (354)
[2019.05.02-23.16.41:787][116]LogModuleManager: Shutting down and abandoning module AppleImageUtils (352)
[2019.05.02-23.16.41:787][116]LogModuleManager: Shutting down and abandoning module AlembicImporter (350)
[2019.05.02-23.16.41:787][116]LogModuleManager: Shutting down and abandoning module AlembicLibrary (349)
[2019.05.02-23.16.41:787][116]LogModuleManager: Shutting down and abandoning module GeometryCache (348)
[2019.05.02-23.16.41:787][116]LogModuleManager: Shutting down and abandoning module GeometryCacheEd (347)
[2019.05.02-23.16.41:787][116]LogModuleManager: Shutting down and abandoning module VariantManagerContent (342)
[2019.05.02-23.16.41:787][116]LogModuleManager: Shutting down and abandoning module DatasmithContentEditor (340)
[2019.05.02-23.16.41:787][116]LogModuleManager: Shutting down and abandoning module SpeedTreeImporter (338)
[2019.05.02-23.16.41:787][116]LogModuleManager: Shutting down and abandoning module PluginBrowser (336)
[2019.05.02-23.16.41:788][116]LogModuleManager: Shutting down and abandoning module MobileLauncherProfileWizard (334)
[2019.05.02-23.16.41:788][116]LogModuleManager: Shutting down and abandoning module PolygonModeling (332)
[2019.05.02-23.16.41:788][116]LogModuleManager: Shutting down and abandoning module MeshEditor (330)
[2019.05.02-23.16.41:788][116]LogModuleManager: Shutting down and abandoning module CryptoKeysOpenSSL (328)
[2019.05.02-23.16.41:788][116]LogModuleManager: Shutting down and abandoning module CryptoKeys (326)
[2019.05.02-23.16.41:788][116]LogModuleManager: Shutting down and abandoning module VisualStudioSourceCodeAccess (324)
[2019.05.02-23.16.41:788][116]LogModuleManager: Shutting down and abandoning module VisualStudioCodeSourceCodeAccess (322)
[2019.05.02-23.16.41:788][116]LogModuleManager: Shutting down and abandoning module UObjectPlugin (320)
[2019.05.02-23.16.41:788][116]LogModuleManager: Shutting down and abandoning module SubversionSourceControl (318)
[2019.05.02-23.16.41:788][116]LogModuleManager: Shutting down and abandoning module PerforceSourceControl (316)
[2019.05.02-23.16.41:789][116]LogModuleManager: Shutting down and abandoning module GitSourceControl (314)
[2019.05.02-23.16.41:789][116]LogModuleManager: Shutting down and abandoning module SourceControl (313)
[2019.05.02-23.16.41:789][116]LogModuleManager: Shutting down and abandoning module CLionSourceCodeAccess (310)
[2019.05.02-23.16.41:789][116]LogModuleManager: Shutting down and abandoning module ActorLayerUtilitiesEditor (308)
[2019.05.02-23.16.41:789][116]LogModuleManager: Shutting down and abandoning module ActorLayerUtilities (306)
[2019.05.02-23.16.41:789][116]LogModuleManager: Shutting down and abandoning module LightPropagationVolumeEditor (304)
[2019.05.02-23.16.41:789][116]LogModuleManager: Shutting down and abandoning module PaperTiledImporter (302)
[2019.05.02-23.16.41:789][116]LogModuleManager: Shutting down and abandoning module PaperSpriteSheetImporter (300)
[2019.05.02-23.16.41:789][116]LogModuleManager: Shutting down and abandoning module Paper2DEditor (298)
[2019.05.02-23.16.41:789][116]LogModuleManager: Shutting down and abandoning module MeshPaint (297)
[2019.05.02-23.16.41:790][116]LogModuleManager: Shutting down and abandoning module RuntimePhysXCooking (294)
[2019.05.02-23.16.41:790][116]LogModuleManager: Shutting down and abandoning module PhysXVehiclesEditor (292)
[2019.05.02-23.16.41:790][116]LogModuleManager: Shutting down and abandoning module PhysXVehicles (290)
[2019.05.02-23.16.41:790][116]LogModuleManager: Shutting down and abandoning module OculusEditor (288)
[2019.05.02-23.16.41:790][116]LogModuleManager: Shutting down and abandoning module LocationServicesBPLibrary (286)
[2019.05.02-23.16.41:790][116]LogModuleManager: Shutting down and abandoning module ActorSequence (284)
[2019.05.02-23.16.41:790][116]LogModuleManager: Shutting down and abandoning module UdpMessaging (282)
[2019.05.02-23.16.41:891][116]LogModuleManager: Shutting down and abandoning module TcpMessaging (280)
[2019.05.02-23.16.41:993][116]LogModuleManager: Shutting down and abandoning module MagicLeapAudio (278)
[2019.05.02-23.16.41:993][116]LogModuleManager: Shutting down and abandoning module GameplayTagsEditor (276)
[2019.05.02-23.16.41:993][116]LogModuleManager: Shutting down and abandoning module FacialAnimationEditor (274)
[2019.05.02-23.16.41:993][116]LogModuleManager: Shutting down and abandoning module FacialAnimation (272)
[2019.05.02-23.16.41:993][116]LogModuleManager: Shutting down and abandoning module DataValidation (270)
[2019.05.02-23.16.41:993][116]LogModuleManager: Shutting down and abandoning module AssetManagerEditor (268)
[2019.05.02-23.16.41:993][116]LogModuleManager: Shutting down and abandoning module LevelEditor (267)
[2019.05.02-23.16.41:994][116]LogModuleManager: Shutting down and abandoning module PixelInspectorModule (266)
[2019.05.02-23.16.41:994][116]LogModuleManager: Shutting down and abandoning module CommonMenuExtensions (264)
[2019.05.02-23.16.41:994][116]LogModuleManager: Shutting down and abandoning module MainFrame (262)
[2019.05.02-23.16.41:994][116]LogModuleManager: Shutting down and abandoning module HotReload (261)
[2019.05.02-23.16.41:994][116]LogModuleManager: Shutting down and abandoning module ContentBrowser (257)
[2019.05.02-23.16.41:995][116]LogModuleManager: Shutting down and abandoning module TreeMap (255)
[2019.05.02-23.16.41:995][116]LogModuleManager: Shutting down and abandoning module LightPropagationVolumeRuntime (252)
[2019.05.02-23.16.41:995][116]LogModuleManager: Shutting down and abandoning module AISupportModule (250)
[2019.05.02-23.16.41:995][116]LogModuleManager: Shutting down and abandoning module Paper2D (248)
[2019.05.02-23.16.41:996][116]LogModuleManager: Shutting down and abandoning module WindowsMoviePlayer (246)
[2019.05.02-23.16.41:996][116]LogModuleManager: Shutting down and abandoning module WebMMoviePlayer (244)
[2019.05.02-23.16.41:996][116]LogModuleManager: Shutting down and abandoning module WmfMedia (242)
[2019.05.02-23.16.41:999][116]LogModuleManager: Shutting down and abandoning module Media (241)
[2019.05.02-23.16.42:007][116]LogModuleManager: Shutting down and abandoning module PacketHandler (238)
[2019.05.02-23.16.42:007][116]LogModuleManager: Shutting down and abandoning module ClothingSystemEditor (236)
[2019.05.02-23.16.42:007][116]LogModuleManager: Shutting down and abandoning module ClothingSystemRuntime (234)
[2019.05.02-23.16.42:007][116]LogModuleManager: Shutting down and abandoning module MediaAssets (232)
[2019.05.02-23.16.42:007][116]LogModuleManager: Shutting down and abandoning module Overlay (230)
[2019.05.02-23.16.42:007][116]LogModuleManager: Shutting down and abandoning module OverlayEditor (229)
[2019.05.02-23.16.42:007][116]LogModuleManager: Shutting down and abandoning module VREditor (226)
[2019.05.02-23.16.42:007][116]LogModuleManager: Shutting down and abandoning module StringTableEditor (224)
[2019.05.02-23.16.42:007][116]LogModuleManager: Shutting down and abandoning module GameplayTasksEditor (222)
[2019.05.02-23.16.42:007][116]LogModuleManager: Shutting down and abandoning module BehaviorTreeEditor (220)
[2019.05.02-23.16.42:007][116]LogModuleManager: Shutting down and abandoning module FunctionalTesting (218)
[2019.05.02-23.16.42:007][116]LogModuleManager: Shutting down and abandoning module CollisionAnalyzer (216)
[2019.05.02-23.16.42:008][116]LogModuleManager: Shutting down and abandoning module WorkspaceMenuStructure (215)
[2019.05.02-23.16.42:008][116]LogModuleManager: Shutting down and abandoning module UMG (212)
[2019.05.02-23.16.42:008][116]LogModuleManager: Shutting down and abandoning module UMGEditor (211)
[2019.05.02-23.16.42:008][116]LogModuleManager: Shutting down and abandoning module Sequencer (210)
[2019.05.02-23.16.42:008][116]LogModuleManager: Shutting down and abandoning module MessageLog (207)
[2019.05.02-23.16.42:008][116]LogModuleManager: Shutting down and abandoning module SlateReflector (202)
[2019.05.02-23.16.42:008][116]LogModuleManager: Shutting down and abandoning module Slate (200)
[2019.05.02-23.16.42:008][116]LogModuleManager: Shutting down and abandoning module EditorStyle (198)
[2019.05.02-23.16.42:013][116]LogModuleManager: Shutting down and abandoning module MRMesh (196)
[2019.05.02-23.16.42:013][116]LogModuleManager: Shutting down and abandoning module SourceCodeAccess (194)
[2019.05.02-23.16.42:013][116]LogModuleManager: Shutting down and abandoning module HeadMountedDisplay (192)
[2019.05.02-23.16.42:013][116]LogModuleManager: Shutting down and abandoning module XAudio2 (190)
[2019.05.02-23.16.42:013][116]LogModuleManager: Shutting down and abandoning module Networking (188)
[2019.05.02-23.16.42:013][116]LogModuleManager: Shutting down and abandoning module Core (186)
[2019.05.02-23.16.42:014][116]LogModuleManager: Shutting down and abandoning module LevelSequence (184)
[2019.05.02-23.16.42:014][116]LogModuleManager: Shutting down and abandoning module KismetCompiler (182)
[2019.05.02-23.16.42:015][116]LogModuleManager: Shutting down and abandoning module MeshUtilities (180)
[2019.05.02-23.16.42:015][116]LogModuleManager: Shutting down and abandoning module MeshMergeUtilities (179)
[2019.05.02-23.16.42:015][116]LogModuleManager: Shutting down and abandoning module MeshReductionInterface (178)
[2019.05.02-23.16.42:015][116]LogModuleManager: Shutting down and abandoning module SimplygonSwarm (177)
[2019.05.02-23.16.42:015][116]LogModuleManager: Shutting down and abandoning module ProxyLODMeshReduction (175)
[2019.05.02-23.16.42:015][116]LogModuleManager: Shutting down and abandoning module SimplygonMeshReduction (173)
[2019.05.02-23.16.42:016][116]LogModuleManager: Shutting down and abandoning module QuadricMeshReduction (171)
[2019.05.02-23.16.42:016][116]LogModuleManager: Shutting down and abandoning module MaterialBaking (167)
[2019.05.02-23.16.42:016][116]LogModuleManager: Shutting down and abandoning module DirectoryWatcher (163)
[2019.05.02-23.16.42:025][116]LogModuleManager: Shutting down and abandoning module DerivedDataCache (160)
[2019.05.02-23.16.42:027][116]LogDerivedDataCache: Shutdown
[2019.05.02-23.16.42:027][116]LogModuleManager: Shutting down and abandoning module XGEController (158)
[2019.05.02-23.16.42:027][116]LogModuleManager: Shutting down and abandoning module TargetPlatform (156)
[2019.05.02-23.16.42:027][116]LogModuleManager: Shutting down and abandoning module VulkanShaderFormat (155)
[2019.05.02-23.16.42:027][116]LogModuleManager: Shutting down and abandoning module ShaderFormatVectorVM (153)
[2019.05.02-23.16.42:028][116]LogModuleManager: Shutting down and abandoning module ShaderFormatOpenGL (151)
[2019.05.02-23.16.42:028][116]LogModuleManager: Shutting down and abandoning module ShaderFormatD3D (149)
[2019.05.02-23.16.42:028][116]LogModuleManager: Shutting down and abandoning module MetalShaderFormat (147)
[2019.05.02-23.16.42:028][116]LogModuleManager: Shutting down and abandoning module TextureFormatUncompressed (145)
[2019.05.02-23.16.42:028][116]LogModuleManager: Shutting down and abandoning module TextureFormatPVR (143)
[2019.05.02-23.16.42:028][116]LogModuleManager: Shutting down and abandoning module TextureFormatDXT (141)
[2019.05.02-23.16.42:028][116]LogModuleManager: Shutting down and abandoning module TextureFormatIntelISPCTexComp (139)
[2019.05.02-23.16.42:028][116]LogModuleManager: Shutting down and abandoning module TextureFormatASTC (137)
[2019.05.02-23.16.42:028][116]LogModuleManager: Shutting down and abandoning module ImageWrapper (136)
[2019.05.02-23.16.42:028][116]LogModuleManager: Shutting down and abandoning module TextureFormatAndroid (133)
[2019.05.02-23.16.42:028][116]LogModuleManager: Shutting down and abandoning module AudioFormatOpus (131)
[2019.05.02-23.16.42:028][116]LogModuleManager: Shutting down and abandoning module AudioFormatOgg (129)
[2019.05.02-23.16.42:028][116]LogModuleManager: Shutting down and abandoning module AudioFormatADPCM (127)
[2019.05.02-23.16.42:028][116]LogModuleManager: Shutting down and abandoning module LuminTargetPlatform (125)
[2019.05.02-23.16.42:029][116]LogModuleManager: Shutting down and abandoning module LinuxTargetPlatform (123)
[2019.05.02-23.16.42:029][116]LogModuleManager: Shutting down and abandoning module LinuxServerTargetPlatform (121)
[2019.05.02-23.16.42:029][116]LogModuleManager: Shutting down and abandoning module LinuxNoEditorTargetPlatform (119)
[2019.05.02-23.16.42:029][116]LogModuleManager: Shutting down and abandoning module LinuxClientTargetPlatform (117)
[2019.05.02-23.16.42:029][116]LogModuleManager: Shutting down and abandoning module TVOSTargetPlatform (115)
[2019.05.02-23.16.42:030][116]LogModuleManager: Shutting down and abandoning module Messaging (113)
[2019.05.02-23.16.42:030][116]LogModuleManager: Shutting down and abandoning module IOSTargetPlatform (111)
[2019.05.02-23.16.42:031][116]LogModuleManager: Shutting down and abandoning module HTML5TargetPlatform (109)
[2019.05.02-23.16.42:031][116]LogModuleManager: Shutting down and abandoning module AndroidTargetPlatform (107)
[2019.05.02-23.16.42:039][116]LogModuleManager: Shutting down and abandoning module WindowsTargetPlatform (105)
[2019.05.02-23.16.42:039][116]LogModuleManager: Shutting down and abandoning module WindowsServerTargetPlatform (103)
[2019.05.02-23.16.42:039][116]LogModuleManager: Shutting down and abandoning module WindowsNoEditorTargetPlatform (101)
[2019.05.02-23.16.42:039][116]LogModuleManager: Shutting down and abandoning module WindowsClientTargetPlatform (99)
[2019.05.02-23.16.42:039][116]LogModuleManager: Shutting down and abandoning module MacTargetPlatform (97)
[2019.05.02-23.16.42:039][116]LogModuleManager: Shutting down and abandoning module MacServerTargetPlatform (95)
[2019.05.02-23.16.42:039][116]LogModuleManager: Shutting down and abandoning module MacNoEditorTargetPlatform (93)
[2019.05.02-23.16.42:039][116]LogModuleManager: Shutting down and abandoning module MacClientTargetPlatform (91)
[2019.05.02-23.16.42:039][116]LogModuleManager: Shutting down and abandoning module AllDesktopTargetPlatform (89)
[2019.05.02-23.16.42:039][116]LogModuleManager: Shutting down and abandoning module InputCore (86)
[2019.05.02-23.16.42:039][116]LogModuleManager: Shutting down and abandoning module Settings (84)
[2019.05.02-23.16.42:039][116]LogModuleManager: Shutting down and abandoning module PhysXCooking (82)
[2019.05.02-23.16.42:039][116]LogModuleManager: Shutting down and abandoning module SteamVR (80)
[2019.05.02-23.16.42:039][116]LogHMD: Freeing OpenVRDLLHandle.
[2019.05.02-23.16.42:039][116]LogModuleManager: Shutting down and abandoning module OculusHMD (78)
[2019.05.02-23.16.42:039][116]LogModuleManager: Shutting down and abandoning module ExampleDeviceProfileSelector (76)
[2019.05.02-23.16.42:039][116]LogModuleManager: Shutting down and abandoning module LauncherChunkInstaller (74)
[2019.05.02-23.16.42:039][116]LogModuleManager: Shutting down and abandoning module OnlineBlueprintSupport (72)
[2019.05.02-23.16.42:039][116]LogModuleManager: Shutting down and abandoning module OnlineSubsystem (68)
[2019.05.02-23.16.42:040][116]LogModuleManager: Shutting down and abandoning module XMPP (63)
[2019.05.02-23.16.42:041][116]LogModuleManager: Shutting down and abandoning module WebSockets (62)
[2019.05.02-23.16.42:062][116]LogModuleManager: Shutting down and abandoning module HTTP (59)
[2019.05.02-23.16.42:062][116]LogHttp: Display: Http module shutting down, but needs to wait on 1 outstanding Http requests:
[2019.05.02-23.16.42:062][116]LogHttp: Display: 	verb=[POST] url=[https://datarouter.ol.epicgames.com/datarouter/api/v1/public/data?SessionID=%7B3DC16C27-4113-ED28-4EB2-73998507154C%7D&AppID=UEEditor.Rocket.Release&AppVersion=4.21.2-4753647%2B%2B%2BUE4%2BRelease-4.21&UserID=3f4dcee943cbe3858c5abf9a07e8ee20%7Cabee1f7d5b1448469c75e56b1c3ab177%7C2abb96bc-2d0b-4654-b862-a83b46a5f0ca&AppEnvironment=datacollector-binary&UploadType=eteventstream] status=Processing
[2019.05.02-23.16.42:071][116]LogModuleManager: Shutting down and abandoning module SSL (58)
[2019.05.02-23.16.42:073][116]LogModuleManager: Shutting down and abandoning module MagicLeapIdentity (54)
[2019.05.02-23.16.42:073][116]LogModuleManager: Shutting down and abandoning module MagicLeapHelperVulkan (52)
[2019.05.02-23.16.42:073][116]LogModuleManager: Shutting down and abandoning module MagicLeapHelperOpenGL (50)
[2019.05.02-23.16.42:073][116]LogModuleManager: Shutting down and abandoning module MagicLeapSecureStorage (48)
[2019.05.02-23.16.42:073][116]LogModuleManager: Shutting down and abandoning module MagicLeapHandTracking (46)
[2019.05.02-23.16.42:073][116]LogModuleManager: Shutting down and abandoning module MagicLeapEyeTracker (44)
[2019.05.02-23.16.42:073][116]LogModuleManager: Shutting down and abandoning module MagicLeapController (42)
[2019.05.02-23.16.42:073][116]LogSlate: Slate User Destroyed.  User Index 0, Is Virtual User: 0
[2019.05.02-23.16.42:074][116]LogModuleManager: Shutting down and abandoning module MagicLeap (40)
[2019.05.02-23.16.42:074][116]LogModuleManager: Shutting down and abandoning module DatasmithContent (38)
[2019.05.02-23.16.42:075][116]LogModuleManager: Shutting down and abandoning module AnimationModifiers (36)
[2019.05.02-23.16.42:075][116]LogModuleManager: Shutting down and abandoning module PropertyEditor (35)
[2019.05.02-23.16.42:075][116]LogModuleManager: Shutting down and abandoning module AudioEditor (32)
[2019.05.02-23.16.42:075][116]LogModuleManager: Shutting down and abandoning module TextureCompressor (30)
[2019.05.02-23.16.42:075][116]LogModuleManager: Shutting down and abandoning module ShaderCore (28)
[2019.05.02-23.16.42:075][116]LogModuleManager: Shutting down and abandoning module Landscape (26)
[2019.05.02-23.16.42:075][116]LogModuleManager: Shutting down and abandoning module SlateRHIRenderer (24)
[2019.05.02-23.16.42:076][116]LogModuleManager: Shutting down and abandoning module OpenGLDrv (22)
[2019.05.02-23.16.42:076][116]LogModuleManager: Shutting down and abandoning module D3D11RHI (20)
[2019.05.02-23.16.42:076][116]LogModuleManager: Shutting down and abandoning module AnimGraphRuntime (18)
[2019.05.02-23.16.42:076][116]LogModuleManager: Shutting down and abandoning module Renderer (16)
[2019.05.02-23.16.42:076][116]LogModuleManager: Shutting down and abandoning module Engine (14)
[2019.05.02-23.16.42:076][116]LogModuleManager: Shutting down and abandoning module CoreUObject (12)
[2019.05.02-23.16.42:076][116]LogModuleManager: Shutting down and abandoning module NetworkFile (10)
[2019.05.02-23.16.42:076][116]LogModuleManager: Shutting down and abandoning module CookedIterativeFile (8)
[2019.05.02-23.16.42:076][116]LogModuleManager: Shutting down and abandoning module StreamingFile (6)
[2019.05.02-23.16.42:076][116]LogModuleManager: Shutting down and abandoning module SandboxFile (4)
[2019.05.02-23.16.42:076][116]LogModuleManager: Shutting down and abandoning module PakFile (2)
[2019.05.02-23.16.42:083][116]LogExit: Exiting.
[2019.05.02-23.16.42:156][116]Log file closed, 05/02/19 18:16:42
